[2019-01-25 15:50:23] local.ERROR: SQLSTATE[HY000]: General error: 1364 Field 'stock' doesn't have a default value (SQL: insert into `Product` (`name`, `description`, `price`, `producttype_id`) values (Mug, Joli mug, 10, 1)) {"exception":"[object] (Illuminate\\Database\\QueryException(code: HY000): SQLSTATE[HY000]: General error: 1364 Field 'stock' doesn't have a default value (SQL: insert into `Product` (`name`, `description`, `price`, `producttype_id`) values (Mug, Joli mug, 10, 1)) at D:\\wamp64\\www\\ProjetWeb2019\\bdecesibordeaux\\vendor\\laravel\\framework\\src\\Illuminate\\Database\\Connection.php:664, PDOException(code: HY000): SQLSTATE[HY000]: General error: 1364 Field 'stock' doesn't have a default value at D:\\wamp64\\www\\ProjetWeb2019\\bdecesibordeaux\\vendor\\laravel\\framework\\src\\Illuminate\\Database\\Connection.php:458)
[stacktrace]
#0 D:\\wamp64\\www\\ProjetWeb2019\\bdecesibordeaux\\vendor\\laravel\\framework\\src\\Illuminate\\Database\\Connection.php(624): Illuminate\\Database\\Connection->runQueryCallback('insert into `Pr...', Array, Object(Closure))
#1 D:\\wamp64\\www\\ProjetWeb2019\\bdecesibordeaux\\vendor\\laravel\\framework\\src\\Illuminate\\Database\\Connection.php(459): Illuminate\\Database\\Connection->run('insert into `Pr...', Array, Object(Closure))
#2 D:\\wamp64\\www\\ProjetWeb2019\\bdecesibordeaux\\vendor\\laravel\\framework\\src\\Illuminate\\Database\\Connection.php(411): Illuminate\\Database\\Connection->statement('insert into `Pr...', Array)
#3 D:\\wamp64\\www\\ProjetWeb2019\\bdecesibordeaux\\vendor\\laravel\\framework\\src\\Illuminate\\Database\\Query\\Builder.php(2611): Illuminate\\Database\\Connection->insert('insert into `Pr...', Array)
#4 D:\\wamp64\\www\\ProjetWeb2019\\bdecesibordeaux\\database\\seeds\\ProductSeeder.php(14): Illuminate\\Database\\Query\\Builder->insert(Array)
#5 [internal function]: ProductSeeder->run()
#6 D:\\wamp64\\www\\ProjetWeb2019\\bdecesibordeaux\\vendor\\laravel\\framework\\src\\Illuminate\\Container\\BoundMethod.php(29): call_user_func_array(Array, Array)
#7 D:\\wamp64\\www\\ProjetWeb2019\\bdecesibordeaux\\vendor\\laravel\\framework\\src\\Illuminate\\Container\\BoundMethod.php(87): Illuminate\\Container\\BoundMethod::Illuminate\\Container\\{closure}()
#8 D:\\wamp64\\www\\ProjetWeb2019\\bdecesibordeaux\\vendor\\laravel\\framework\\src\\Illuminate\\Container\\BoundMethod.php(31): Illuminate\\Container\\BoundMethod::callBoundMethod(Object(Illuminate\\Foundation\\Application), Array, Object(Closure))
#9 D:\\wamp64\\www\\ProjetWeb2019\\bdecesibordeaux\\vendor\\laravel\\framework\\src\\Illuminate\\Container\\Container.php(572): Illuminate\\Container\\BoundMethod::call(Object(Illuminate\\Foundation\\Application), Array, Array, NULL)
#10 D:\\wamp64\\www\\ProjetWeb2019\\bdecesibordeaux\\vendor\\laravel\\framework\\src\\Illuminate\\Database\\Seeder.php(122): Illuminate\\Container\\Container->call(Array)
#11 D:\\wamp64\\www\\ProjetWeb2019\\bdecesibordeaux\\vendor\\laravel\\framework\\src\\Illuminate\\Database\\Seeder.php(42): Illuminate\\Database\\Seeder->__invoke()
#12 D:\\wamp64\\www\\ProjetWeb2019\\bdecesibordeaux\\database\\seeds\\DatabaseSeeder.php(15): Illuminate\\Database\\Seeder->call('ProductSeeder')
#13 [internal function]: DatabaseSeeder->run()
#14 D:\\wamp64\\www\\ProjetWeb2019\\bdecesibordeaux\\vendor\\laravel\\framework\\src\\Illuminate\\Container\\BoundMethod.php(29): call_user_func_array(Array, Array)
#15 D:\\wamp64\\www\\ProjetWeb2019\\bdecesibordeaux\\vendor\\laravel\\framework\\src\\Illuminate\\Container\\BoundMethod.php(87): Illuminate\\Container\\BoundMethod::Illuminate\\Container\\{closure}()
#16 D:\\wamp64\\www\\ProjetWeb2019\\bdecesibordeaux\\vendor\\laravel\\framework\\src\\Illuminate\\Container\\BoundMethod.php(31): Illuminate\\Container\\BoundMethod::callBoundMethod(Object(Illuminate\\Foundation\\Application), Array, Object(Closure))
#17 D:\\wamp64\\www\\ProjetWeb2019\\bdecesibordeaux\\vendor\\laravel\\framework\\src\\Illuminate\\Container\\Container.php(572): Illuminate\\Container\\BoundMethod::call(Object(Illuminate\\Foundation\\Application), Array, Array, NULL)
#18 D:\\wamp64\\www\\ProjetWeb2019\\bdecesibordeaux\\vendor\\laravel\\framework\\src\\Illuminate\\Database\\Seeder.php(122): Illuminate\\Container\\Container->call(Array)
#19 D:\\wamp64\\www\\ProjetWeb2019\\bdecesibordeaux\\vendor\\laravel\\framework\\src\\Illuminate\\Database\\Console\\Seeds\\SeedCommand.php(63): Illuminate\\Database\\Seeder->__invoke()
#20 D:\\wamp64\\www\\ProjetWeb2019\\bdecesibordeaux\\vendor\\laravel\\framework\\src\\Illuminate\\Database\\Eloquent\\Concerns\\GuardsAttributes.php(122): Illuminate\\Database\\Console\\Seeds\\SeedCommand->Illuminate\\Database\\Console\\Seeds\\{closure}()
#21 D:\\wamp64\\www\\ProjetWeb2019\\bdecesibordeaux\\vendor\\laravel\\framework\\src\\Illuminate\\Database\\Console\\Seeds\\SeedCommand.php(64): Illuminate\\Database\\Eloquent\\Model::unguarded(Object(Closure))
#22 [internal function]: Illuminate\\Database\\Console\\Seeds\\SeedCommand->handle()
#23 D:\\wamp64\\www\\ProjetWeb2019\\bdecesibordeaux\\vendor\\laravel\\framework\\src\\Illuminate\\Container\\BoundMethod.php(29): call_user_func_array(Array, Array)
#24 D:\\wamp64\\www\\ProjetWeb2019\\bdecesibordeaux\\vendor\\laravel\\framework\\src\\Illuminate\\Container\\BoundMethod.php(87): Illuminate\\Container\\BoundMethod::Illuminate\\Container\\{closure}()
#25 D:\\wamp64\\www\\ProjetWeb2019\\bdecesibordeaux\\vendor\\laravel\\framework\\src\\Illuminate\\Container\\BoundMethod.php(31): Illuminate\\Container\\BoundMethod::callBoundMethod(Object(Illuminate\\Foundation\\Application), Array, Object(Closure))
#26 D:\\wamp64\\www\\ProjetWeb2019\\bdecesibordeaux\\vendor\\laravel\\framework\\src\\Illuminate\\Container\\Container.php(572): Illuminate\\Container\\BoundMethod::call(Object(Illuminate\\Foundation\\Application), Array, Array, NULL)
#27 D:\\wamp64\\www\\ProjetWeb2019\\bdecesibordeaux\\vendor\\laravel\\framework\\src\\Illuminate\\Console\\Command.php(183): Illuminate\\Container\\Container->call(Array)
#28 D:\\wamp64\\www\\ProjetWeb2019\\bdecesibordeaux\\vendor\\symfony\\console\\Command\\Command.php(255): Illuminate\\Console\\Command->execute(Object(Symfony\\Component\\Console\\Input\\ArrayInput), Object(Illuminate\\Console\\OutputStyle))
#29 D:\\wamp64\\www\\ProjetWeb2019\\bdecesibordeaux\\vendor\\laravel\\framework\\src\\Illuminate\\Console\\Command.php(170): Symfony\\Component\\Console\\Command\\Command->run(Object(Symfony\\Component\\Console\\Input\\ArrayInput), Object(Illuminate\\Console\\OutputStyle))
#30 D:\\wamp64\\www\\ProjetWeb2019\\bdecesibordeaux\\vendor\\laravel\\framework\\src\\Illuminate\\Console\\Command.php(198): Illuminate\\Console\\Command->run(Object(Symfony\\Component\\Console\\Input\\ArrayInput), Object(Illuminate\\Console\\OutputStyle))
#31 D:\\wamp64\\www\\ProjetWeb2019\\bdecesibordeaux\\vendor\\laravel\\framework\\src\\Illuminate\\Database\\Console\\Migrations\\FreshCommand.php(108): Illuminate\\Console\\Command->call('db:seed', Array)
#32 D:\\wamp64\\www\\ProjetWeb2019\\bdecesibordeaux\\vendor\\laravel\\framework\\src\\Illuminate\\Database\\Console\\Migrations\\FreshCommand.php(59): Illuminate\\Database\\Console\\Migrations\\FreshCommand->runSeeder(NULL)
#33 [internal function]: Illuminate\\Database\\Console\\Migrations\\FreshCommand->handle()
#34 D:\\wamp64\\www\\ProjetWeb2019\\bdecesibordeaux\\vendor\\laravel\\framework\\src\\Illuminate\\Container\\BoundMethod.php(29): call_user_func_array(Array, Array)
#35 D:\\wamp64\\www\\ProjetWeb2019\\bdecesibordeaux\\vendor\\laravel\\framework\\src\\Illuminate\\Container\\BoundMethod.php(87): Illuminate\\Container\\BoundMethod::Illuminate\\Container\\{closure}()
#36 D:\\wamp64\\www\\ProjetWeb2019\\bdecesibordeaux\\vendor\\laravel\\framework\\src\\Illuminate\\Container\\BoundMethod.php(31): Illuminate\\Container\\BoundMethod::callBoundMethod(Object(Illuminate\\Foundation\\Application), Array, Object(Closure))
#37 D:\\wamp64\\www\\ProjetWeb2019\\bdecesibordeaux\\vendor\\laravel\\framework\\src\\Illuminate\\Container\\Container.php(572): Illuminate\\Container\\BoundMethod::call(Object(Illuminate\\Foundation\\Application), Array, Array, NULL)
#38 D:\\wamp64\\www\\ProjetWeb2019\\bdecesibordeaux\\vendor\\laravel\\framework\\src\\Illuminate\\Console\\Command.php(183): Illuminate\\Container\\Container->call(Array)
#39 D:\\wamp64\\www\\ProjetWeb2019\\bdecesibordeaux\\vendor\\symfony\\console\\Command\\Command.php(255): Illuminate\\Console\\Command->execute(Object(Symfony\\Component\\Console\\Input\\ArgvInput), Object(Illuminate\\Console\\OutputStyle))
#40 D:\\wamp64\\www\\ProjetWeb2019\\bdecesibordeaux\\vendor\\laravel\\framework\\src\\Illuminate\\Console\\Command.php(170): Symfony\\Component\\Console\\Command\\Command->run(Object(Symfony\\Component\\Console\\Input\\ArgvInput), Object(Illuminate\\Console\\OutputStyle))
#41 D:\\wamp64\\www\\ProjetWeb2019\\bdecesibordeaux\\vendor\\symfony\\console\\Application.php(901): Illuminate\\Console\\Command->run(Object(Symfony\\Component\\Console\\Input\\ArgvInput), Object(Symfony\\Component\\Console\\Output\\ConsoleOutput))
#42 D:\\wamp64\\www\\ProjetWeb2019\\bdecesibordeaux\\vendor\\symfony\\console\\Application.php(262): Symfony\\Component\\Console\\Application->doRunCommand(Object(Illuminate\\Database\\Console\\Migrations\\FreshCommand), Object(Symfony\\Component\\Console\\Input\\ArgvInput), Object(Symfony\\Component\\Console\\Output\\ConsoleOutput))
#43 D:\\wamp64\\www\\ProjetWeb2019\\bdecesibordeaux\\vendor\\symfony\\console\\Application.php(145): Symfony\\Component\\Console\\Application->doRun(Object(Symfony\\Component\\Console\\Input\\ArgvInput), Object(Symfony\\Component\\Console\\Output\\ConsoleOutput))
#44 D:\\wamp64\\www\\ProjetWeb2019\\bdecesibordeaux\\vendor\\laravel\\framework\\src\\Illuminate\\Console\\Application.php(89): Symfony\\Component\\Console\\Application->run(Object(Symfony\\Component\\Console\\Input\\ArgvInput), Object(Symfony\\Component\\Console\\Output\\ConsoleOutput))
#45 D:\\wamp64\\www\\ProjetWeb2019\\bdecesibordeaux\\vendor\\laravel\\framework\\src\\Illuminate\\Foundation\\Console\\Kernel.php(122): Illuminate\\Console\\Application->run(Object(Symfony\\Component\\Console\\Input\\ArgvInput), Object(Symfony\\Component\\Console\\Output\\ConsoleOutput))
#46 D:\\wamp64\\www\\ProjetWeb2019\\bdecesibordeaux\\artisan(37): Illuminate\\Foundation\\Console\\Kernel->handle(Object(Symfony\\Component\\Console\\Input\\ArgvInput), Object(Symfony\\Component\\Console\\Output\\ConsoleOutput))
#47 {main}
"} 
