[2019-01-22 17:06:20] local.ERROR: SQLSTATE[HY000]: General error: 1215 Impossible d'ajouter des contraintes d'index externe (SQL: alter table `User` add constraint `fk_User_UserStatus1_idx` foreign key (`UserStatus_ID`) references `UserStatus` (`ID`) on delete no action on update no action) {"exception":"[object] (Illuminate\\Database\\QueryException(code: HY000): SQLSTATE[HY000]: General error: 1215 Impossible d'ajouter des contraintes d'index externe (SQL: alter table `User` add constraint `fk_User_UserStatus1_idx` foreign key (`UserStatus_ID`) references `UserStatus` (`ID`) on delete no action on update no action) at D:\\wamp64\\www\\ProjetWeb2019\\bdecesibordeaux\\vendor\\laravel\\framework\\src\\Illuminate\\Database\\Connection.php:664, PDOException(code: HY000): SQLSTATE[HY000]: General error: 1215 Impossible d'ajouter des contraintes d'index externe at D:\\wamp64\\www\\ProjetWeb2019\\bdecesibordeaux\\vendor\\laravel\\framework\\src\\Illuminate\\Database\\Connection.php:458)
[stacktrace]
#0 D:\\wamp64\\www\\ProjetWeb2019\\bdecesibordeaux\\vendor\\laravel\\framework\\src\\Illuminate\\Database\\Connection.php(624): Illuminate\\Database\\Connection->runQueryCallback('alter table `Us...', Array, Object(Closure))
#1 D:\\wamp64\\www\\ProjetWeb2019\\bdecesibordeaux\\vendor\\laravel\\framework\\src\\Illuminate\\Database\\Connection.php(459): Illuminate\\Database\\Connection->run('alter table `Us...', Array, Object(Closure))
#2 D:\\wamp64\\www\\ProjetWeb2019\\bdecesibordeaux\\vendor\\laravel\\framework\\src\\Illuminate\\Database\\Schema\\Blueprint.php(97): Illuminate\\Database\\Connection->statement('alter table `Us...')
#3 D:\\wamp64\\www\\ProjetWeb2019\\bdecesibordeaux\\vendor\\laravel\\framework\\src\\Illuminate\\Database\\Schema\\Builder.php(264): Illuminate\\Database\\Schema\\Blueprint->build(Object(Illuminate\\Database\\MySqlConnection), Object(Illuminate\\Database\\Schema\\Grammars\\MySqlGrammar))
#4 D:\\wamp64\\www\\ProjetWeb2019\\bdecesibordeaux\\vendor\\laravel\\framework\\src\\Illuminate\\Database\\Schema\\Builder.php(165): Illuminate\\Database\\Schema\\Builder->build(Object(Illuminate\\Database\\Schema\\Blueprint))
#5 D:\\wamp64\\www\\ProjetWeb2019\\bdecesibordeaux\\vendor\\laravel\\framework\\src\\Illuminate\\Support\\Facades\\Facade.php(237): Illuminate\\Database\\Schema\\Builder->create('User', Object(Closure))
#6 D:\\wamp64\\www\\ProjetWeb2019\\bdecesibordeaux\\database\\migrations\\2019_01_22_134407_create_user_table.php(40): Illuminate\\Support\\Facades\\Facade::__callStatic('create', Array)
#7 D:\\wamp64\\www\\ProjetWeb2019\\bdecesibordeaux\\vendor\\laravel\\framework\\src\\Illuminate\\Database\\Migrations\\Migrator.php(360): CreateUserTable->up()
#8 D:\\wamp64\\www\\ProjetWeb2019\\bdecesibordeaux\\vendor\\laravel\\framework\\src\\Illuminate\\Database\\Migrations\\Migrator.php(367): Illuminate\\Database\\Migrations\\Migrator->Illuminate\\Database\\Migrations\\{closure}()
#9 D:\\wamp64\\www\\ProjetWeb2019\\bdecesibordeaux\\vendor\\laravel\\framework\\src\\Illuminate\\Database\\Migrations\\Migrator.php(178): Illuminate\\Database\\Migrations\\Migrator->runMigration(Object(CreateUserTable), 'up')
#10 D:\\wamp64\\www\\ProjetWeb2019\\bdecesibordeaux\\vendor\\laravel\\framework\\src\\Illuminate\\Database\\Migrations\\Migrator.php(147): Illuminate\\Database\\Migrations\\Migrator->runUp('D:\\\\wamp64\\\\www\\\\P...', 1, false)
#11 D:\\wamp64\\www\\ProjetWeb2019\\bdecesibordeaux\\vendor\\laravel\\framework\\src\\Illuminate\\Database\\Migrations\\Migrator.php(96): Illuminate\\Database\\Migrations\\Migrator->runPending(Array, Array)
#12 D:\\wamp64\\www\\ProjetWeb2019\\bdecesibordeaux\\vendor\\laravel\\framework\\src\\Illuminate\\Database\\Console\\Migrations\\MigrateCommand.php(71): Illuminate\\Database\\Migrations\\Migrator->run(Array, Array)
#13 [internal function]: Illuminate\\Database\\Console\\Migrations\\MigrateCommand->handle()
#14 D:\\wamp64\\www\\ProjetWeb2019\\bdecesibordeaux\\vendor\\laravel\\framework\\src\\Illuminate\\Container\\BoundMethod.php(29): call_user_func_array(Array, Array)
#15 D:\\wamp64\\www\\ProjetWeb2019\\bdecesibordeaux\\vendor\\laravel\\framework\\src\\Illuminate\\Container\\BoundMethod.php(87): Illuminate\\Container\\BoundMethod::Illuminate\\Container\\{closure}()
#16 D:\\wamp64\\www\\ProjetWeb2019\\bdecesibordeaux\\vendor\\laravel\\framework\\src\\Illuminate\\Container\\BoundMethod.php(31): Illuminate\\Container\\BoundMethod::callBoundMethod(Object(Illuminate\\Foundation\\Application), Array, Object(Closure))
#17 D:\\wamp64\\www\\ProjetWeb2019\\bdecesibordeaux\\vendor\\laravel\\framework\\src\\Illuminate\\Container\\Container.php(572): Illuminate\\Container\\BoundMethod::call(Object(Illuminate\\Foundation\\Application), Array, Array, NULL)
#18 D:\\wamp64\\www\\ProjetWeb2019\\bdecesibordeaux\\vendor\\laravel\\framework\\src\\Illuminate\\Console\\Command.php(183): Illuminate\\Container\\Container->call(Array)
#19 D:\\wamp64\\www\\ProjetWeb2019\\bdecesibordeaux\\vendor\\symfony\\console\\Command\\Command.php(255): Illuminate\\Console\\Command->execute(Object(Symfony\\Component\\Console\\Input\\ArrayInput), Object(Illuminate\\Console\\OutputStyle))
#20 D:\\wamp64\\www\\ProjetWeb2019\\bdecesibordeaux\\vendor\\laravel\\framework\\src\\Illuminate\\Console\\Command.php(170): Symfony\\Component\\Console\\Command\\Command->run(Object(Symfony\\Component\\Console\\Input\\ArrayInput), Object(Illuminate\\Console\\OutputStyle))
#21 D:\\wamp64\\www\\ProjetWeb2019\\bdecesibordeaux\\vendor\\laravel\\framework\\src\\Illuminate\\Console\\Command.php(198): Illuminate\\Console\\Command->run(Object(Symfony\\Component\\Console\\Input\\ArrayInput), Object(Illuminate\\Console\\OutputStyle))
#22 D:\\wamp64\\www\\ProjetWeb2019\\bdecesibordeaux\\vendor\\laravel\\framework\\src\\Illuminate\\Database\\Console\\Migrations\\FreshCommand.php(55): Illuminate\\Console\\Command->call('migrate', Array)
#23 [internal function]: Illuminate\\Database\\Console\\Migrations\\FreshCommand->handle()
#24 D:\\wamp64\\www\\ProjetWeb2019\\bdecesibordeaux\\vendor\\laravel\\framework\\src\\Illuminate\\Container\\BoundMethod.php(29): call_user_func_array(Array, Array)
#25 D:\\wamp64\\www\\ProjetWeb2019\\bdecesibordeaux\\vendor\\laravel\\framework\\src\\Illuminate\\Container\\BoundMethod.php(87): Illuminate\\Container\\BoundMethod::Illuminate\\Container\\{closure}()
#26 D:\\wamp64\\www\\ProjetWeb2019\\bdecesibordeaux\\vendor\\laravel\\framework\\src\\Illuminate\\Container\\BoundMethod.php(31): Illuminate\\Container\\BoundMethod::callBoundMethod(Object(Illuminate\\Foundation\\Application), Array, Object(Closure))
#27 D:\\wamp64\\www\\ProjetWeb2019\\bdecesibordeaux\\vendor\\laravel\\framework\\src\\Illuminate\\Container\\Container.php(572): Illuminate\\Container\\BoundMethod::call(Object(Illuminate\\Foundation\\Application), Array, Array, NULL)
#28 D:\\wamp64\\www\\ProjetWeb2019\\bdecesibordeaux\\vendor\\laravel\\framework\\src\\Illuminate\\Console\\Command.php(183): Illuminate\\Container\\Container->call(Array)
#29 D:\\wamp64\\www\\ProjetWeb2019\\bdecesibordeaux\\vendor\\symfony\\console\\Command\\Command.php(255): Illuminate\\Console\\Command->execute(Object(Symfony\\Component\\Console\\Input\\ArgvInput), Object(Illuminate\\Console\\OutputStyle))
#30 D:\\wamp64\\www\\ProjetWeb2019\\bdecesibordeaux\\vendor\\laravel\\framework\\src\\Illuminate\\Console\\Command.php(170): Symfony\\Component\\Console\\Command\\Command->run(Object(Symfony\\Component\\Console\\Input\\ArgvInput), Object(Illuminate\\Console\\OutputStyle))
#31 D:\\wamp64\\www\\ProjetWeb2019\\bdecesibordeaux\\vendor\\symfony\\console\\Application.php(901): Illuminate\\Console\\Command->run(Object(Symfony\\Component\\Console\\Input\\ArgvInput), Object(Symfony\\Component\\Console\\Output\\ConsoleOutput))
#32 D:\\wamp64\\www\\ProjetWeb2019\\bdecesibordeaux\\vendor\\symfony\\console\\Application.php(262): Symfony\\Component\\Console\\Application->doRunCommand(Object(Illuminate\\Database\\Console\\Migrations\\FreshCommand), Object(Symfony\\Component\\Console\\Input\\ArgvInput), Object(Symfony\\Component\\Console\\Output\\ConsoleOutput))
#33 D:\\wamp64\\www\\ProjetWeb2019\\bdecesibordeaux\\vendor\\symfony\\console\\Application.php(145): Symfony\\Component\\Console\\Application->doRun(Object(Symfony\\Component\\Console\\Input\\ArgvInput), Object(Symfony\\Component\\Console\\Output\\ConsoleOutput))
#34 D:\\wamp64\\www\\ProjetWeb2019\\bdecesibordeaux\\vendor\\laravel\\framework\\src\\Illuminate\\Console\\Application.php(89): Symfony\\Component\\Console\\Application->run(Object(Symfony\\Component\\Console\\Input\\ArgvInput), Object(Symfony\\Component\\Console\\Output\\ConsoleOutput))
#35 D:\\wamp64\\www\\ProjetWeb2019\\bdecesibordeaux\\vendor\\laravel\\framework\\src\\Illuminate\\Foundation\\Console\\Kernel.php(122): Illuminate\\Console\\Application->run(Object(Symfony\\Component\\Console\\Input\\ArgvInput), Object(Symfony\\Component\\Console\\Output\\ConsoleOutput))
#36 D:\\wamp64\\www\\ProjetWeb2019\\bdecesibordeaux\\artisan(37): Illuminate\\Foundation\\Console\\Kernel->handle(Object(Symfony\\Component\\Console\\Input\\ArgvInput), Object(Symfony\\Component\\Console\\Output\\ConsoleOutput))
#37 {main}
"} 
[2019-01-22 17:09:06] local.ERROR: A Center class already exists. {"exception":"[object] (InvalidArgumentException(code: 0): A Center class already exists. at D:\\wamp64\\www\\ProjetWeb2019\\bdecesibordeaux\\vendor\\laravel\\framework\\src\\Illuminate\\Database\\Migrations\\MigrationCreator.php:81)
[stacktrace]
#0 D:\\wamp64\\www\\ProjetWeb2019\\bdecesibordeaux\\vendor\\laravel\\framework\\src\\Illuminate\\Database\\Migrations\\MigrationCreator.php(50): Illuminate\\Database\\Migrations\\MigrationCreator->ensureMigrationDoesntAlreadyExist('center')
#1 D:\\wamp64\\www\\ProjetWeb2019\\bdecesibordeaux\\vendor\\laravel\\framework\\src\\Illuminate\\Database\\Console\\Migrations\\MigrateMakeCommand.php(109): Illuminate\\Database\\Migrations\\MigrationCreator->create('center', 'D:\\\\wamp64\\\\www\\\\P...', NULL, NULL)
#2 D:\\wamp64\\www\\ProjetWeb2019\\bdecesibordeaux\\vendor\\laravel\\framework\\src\\Illuminate\\Database\\Console\\Migrations\\MigrateMakeCommand.php(93): Illuminate\\Database\\Console\\Migrations\\MigrateMakeCommand->writeMigration('center', NULL, NULL)
#3 [internal function]: Illuminate\\Database\\Console\\Migrations\\MigrateMakeCommand->handle()
#4 D:\\wamp64\\www\\ProjetWeb2019\\bdecesibordeaux\\vendor\\laravel\\framework\\src\\Illuminate\\Container\\BoundMethod.php(29): call_user_func_array(Array, Array)
#5 D:\\wamp64\\www\\ProjetWeb2019\\bdecesibordeaux\\vendor\\laravel\\framework\\src\\Illuminate\\Container\\BoundMethod.php(87): Illuminate\\Container\\BoundMethod::Illuminate\\Container\\{closure}()
#6 D:\\wamp64\\www\\ProjetWeb2019\\bdecesibordeaux\\vendor\\laravel\\framework\\src\\Illuminate\\Container\\BoundMethod.php(31): Illuminate\\Container\\BoundMethod::callBoundMethod(Object(Illuminate\\Foundation\\Application), Array, Object(Closure))
#7 D:\\wamp64\\www\\ProjetWeb2019\\bdecesibordeaux\\vendor\\laravel\\framework\\src\\Illuminate\\Container\\Container.php(572): Illuminate\\Container\\BoundMethod::call(Object(Illuminate\\Foundation\\Application), Array, Array, NULL)
#8 D:\\wamp64\\www\\ProjetWeb2019\\bdecesibordeaux\\vendor\\laravel\\framework\\src\\Illuminate\\Console\\Command.php(183): Illuminate\\Container\\Container->call(Array)
#9 D:\\wamp64\\www\\ProjetWeb2019\\bdecesibordeaux\\vendor\\symfony\\console\\Command\\Command.php(255): Illuminate\\Console\\Command->execute(Object(Symfony\\Component\\Console\\Input\\ArgvInput), Object(Illuminate\\Console\\OutputStyle))
#10 D:\\wamp64\\www\\ProjetWeb2019\\bdecesibordeaux\\vendor\\laravel\\framework\\src\\Illuminate\\Console\\Command.php(170): Symfony\\Component\\Console\\Command\\Command->run(Object(Symfony\\Component\\Console\\Input\\ArgvInput), Object(Illuminate\\Console\\OutputStyle))
#11 D:\\wamp64\\www\\ProjetWeb2019\\bdecesibordeaux\\vendor\\symfony\\console\\Application.php(901): Illuminate\\Console\\Command->run(Object(Symfony\\Component\\Console\\Input\\ArgvInput), Object(Symfony\\Component\\Console\\Output\\ConsoleOutput))
#12 D:\\wamp64\\www\\ProjetWeb2019\\bdecesibordeaux\\vendor\\symfony\\console\\Application.php(262): Symfony\\Component\\Console\\Application->doRunCommand(Object(Illuminate\\Database\\Console\\Migrations\\MigrateMakeCommand), Object(Symfony\\Component\\Console\\Input\\ArgvInput), Object(Symfony\\Component\\Console\\Output\\ConsoleOutput))
#13 D:\\wamp64\\www\\ProjetWeb2019\\bdecesibordeaux\\vendor\\symfony\\console\\Application.php(145): Symfony\\Component\\Console\\Application->doRun(Object(Symfony\\Component\\Console\\Input\\ArgvInput), Object(Symfony\\Component\\Console\\Output\\ConsoleOutput))
#14 D:\\wamp64\\www\\ProjetWeb2019\\bdecesibordeaux\\vendor\\laravel\\framework\\src\\Illuminate\\Console\\Application.php(89): Symfony\\Component\\Console\\Application->run(Object(Symfony\\Component\\Console\\Input\\ArgvInput), Object(Symfony\\Component\\Console\\Output\\ConsoleOutput))
#15 D:\\wamp64\\www\\ProjetWeb2019\\bdecesibordeaux\\vendor\\laravel\\framework\\src\\Illuminate\\Foundation\\Console\\Kernel.php(122): Illuminate\\Console\\Application->run(Object(Symfony\\Component\\Console\\Input\\ArgvInput), Object(Symfony\\Component\\Console\\Output\\ConsoleOutput))
#16 D:\\wamp64\\www\\ProjetWeb2019\\bdecesibordeaux\\artisan(37): Illuminate\\Foundation\\Console\\Kernel->handle(Object(Symfony\\Component\\Console\\Input\\ArgvInput), Object(Symfony\\Component\\Console\\Output\\ConsoleOutput))
#17 {main}
"} 
[2019-01-22 17:09:37] local.ERROR: A Center class already exists. {"exception":"[object] (InvalidArgumentException(code: 0): A Center class already exists. at D:\\wamp64\\www\\ProjetWeb2019\\bdecesibordeaux\\vendor\\laravel\\framework\\src\\Illuminate\\Database\\Migrations\\MigrationCreator.php:81)
[stacktrace]
#0 D:\\wamp64\\www\\ProjetWeb2019\\bdecesibordeaux\\vendor\\laravel\\framework\\src\\Illuminate\\Database\\Migrations\\MigrationCreator.php(50): Illuminate\\Database\\Migrations\\MigrationCreator->ensureMigrationDoesntAlreadyExist('center')
#1 D:\\wamp64\\www\\ProjetWeb2019\\bdecesibordeaux\\vendor\\laravel\\framework\\src\\Illuminate\\Database\\Console\\Migrations\\MigrateMakeCommand.php(109): Illuminate\\Database\\Migrations\\MigrationCreator->create('center', 'D:\\\\wamp64\\\\www\\\\P...', NULL, NULL)
#2 D:\\wamp64\\www\\ProjetWeb2019\\bdecesibordeaux\\vendor\\laravel\\framework\\src\\Illuminate\\Database\\Console\\Migrations\\MigrateMakeCommand.php(93): Illuminate\\Database\\Console\\Migrations\\MigrateMakeCommand->writeMigration('center', NULL, NULL)
#3 [internal function]: Illuminate\\Database\\Console\\Migrations\\MigrateMakeCommand->handle()
#4 D:\\wamp64\\www\\ProjetWeb2019\\bdecesibordeaux\\vendor\\laravel\\framework\\src\\Illuminate\\Container\\BoundMethod.php(29): call_user_func_array(Array, Array)
#5 D:\\wamp64\\www\\ProjetWeb2019\\bdecesibordeaux\\vendor\\laravel\\framework\\src\\Illuminate\\Container\\BoundMethod.php(87): Illuminate\\Container\\BoundMethod::Illuminate\\Container\\{closure}()
#6 D:\\wamp64\\www\\ProjetWeb2019\\bdecesibordeaux\\vendor\\laravel\\framework\\src\\Illuminate\\Container\\BoundMethod.php(31): Illuminate\\Container\\BoundMethod::callBoundMethod(Object(Illuminate\\Foundation\\Application), Array, Object(Closure))
#7 D:\\wamp64\\www\\ProjetWeb2019\\bdecesibordeaux\\vendor\\laravel\\framework\\src\\Illuminate\\Container\\Container.php(572): Illuminate\\Container\\BoundMethod::call(Object(Illuminate\\Foundation\\Application), Array, Array, NULL)
#8 D:\\wamp64\\www\\ProjetWeb2019\\bdecesibordeaux\\vendor\\laravel\\framework\\src\\Illuminate\\Console\\Command.php(183): Illuminate\\Container\\Container->call(Array)
#9 D:\\wamp64\\www\\ProjetWeb2019\\bdecesibordeaux\\vendor\\symfony\\console\\Command\\Command.php(255): Illuminate\\Console\\Command->execute(Object(Symfony\\Component\\Console\\Input\\ArgvInput), Object(Illuminate\\Console\\OutputStyle))
#10 D:\\wamp64\\www\\ProjetWeb2019\\bdecesibordeaux\\vendor\\laravel\\framework\\src\\Illuminate\\Console\\Command.php(170): Symfony\\Component\\Console\\Command\\Command->run(Object(Symfony\\Component\\Console\\Input\\ArgvInput), Object(Illuminate\\Console\\OutputStyle))
#11 D:\\wamp64\\www\\ProjetWeb2019\\bdecesibordeaux\\vendor\\symfony\\console\\Application.php(901): Illuminate\\Console\\Command->run(Object(Symfony\\Component\\Console\\Input\\ArgvInput), Object(Symfony\\Component\\Console\\Output\\ConsoleOutput))
#12 D:\\wamp64\\www\\ProjetWeb2019\\bdecesibordeaux\\vendor\\symfony\\console\\Application.php(262): Symfony\\Component\\Console\\Application->doRunCommand(Object(Illuminate\\Database\\Console\\Migrations\\MigrateMakeCommand), Object(Symfony\\Component\\Console\\Input\\ArgvInput), Object(Symfony\\Component\\Console\\Output\\ConsoleOutput))
#13 D:\\wamp64\\www\\ProjetWeb2019\\bdecesibordeaux\\vendor\\symfony\\console\\Application.php(145): Symfony\\Component\\Console\\Application->doRun(Object(Symfony\\Component\\Console\\Input\\ArgvInput), Object(Symfony\\Component\\Console\\Output\\ConsoleOutput))
#14 D:\\wamp64\\www\\ProjetWeb2019\\bdecesibordeaux\\vendor\\laravel\\framework\\src\\Illuminate\\Console\\Application.php(89): Symfony\\Component\\Console\\Application->run(Object(Symfony\\Component\\Console\\Input\\ArgvInput), Object(Symfony\\Component\\Console\\Output\\ConsoleOutput))
#15 D:\\wamp64\\www\\ProjetWeb2019\\bdecesibordeaux\\vendor\\laravel\\framework\\src\\Illuminate\\Foundation\\Console\\Kernel.php(122): Illuminate\\Console\\Application->run(Object(Symfony\\Component\\Console\\Input\\ArgvInput), Object(Symfony\\Component\\Console\\Output\\ConsoleOutput))
#16 D:\\wamp64\\www\\ProjetWeb2019\\bdecesibordeaux\\artisan(37): Illuminate\\Foundation\\Console\\Kernel->handle(Object(Symfony\\Component\\Console\\Input\\ArgvInput), Object(Symfony\\Component\\Console\\Output\\ConsoleOutput))
#17 {main}
"} 
[2019-01-22 17:11:03] local.ERROR: A Center class already exists. {"exception":"[object] (InvalidArgumentException(code: 0): A Center class already exists. at D:\\wamp64\\www\\ProjetWeb2019\\bdecesibordeaux\\vendor\\laravel\\framework\\src\\Illuminate\\Database\\Migrations\\MigrationCreator.php:81)
[stacktrace]
#0 D:\\wamp64\\www\\ProjetWeb2019\\bdecesibordeaux\\vendor\\laravel\\framework\\src\\Illuminate\\Database\\Migrations\\MigrationCreator.php(50): Illuminate\\Database\\Migrations\\MigrationCreator->ensureMigrationDoesntAlreadyExist('center')
#1 D:\\wamp64\\www\\ProjetWeb2019\\bdecesibordeaux\\vendor\\laravel\\framework\\src\\Illuminate\\Database\\Console\\Migrations\\MigrateMakeCommand.php(109): Illuminate\\Database\\Migrations\\MigrationCreator->create('center', 'D:\\\\wamp64\\\\www\\\\P...', NULL, NULL)
#2 D:\\wamp64\\www\\ProjetWeb2019\\bdecesibordeaux\\vendor\\laravel\\framework\\src\\Illuminate\\Database\\Console\\Migrations\\MigrateMakeCommand.php(93): Illuminate\\Database\\Console\\Migrations\\MigrateMakeCommand->writeMigration('center', NULL, NULL)
#3 [internal function]: Illuminate\\Database\\Console\\Migrations\\MigrateMakeCommand->handle()
#4 D:\\wamp64\\www\\ProjetWeb2019\\bdecesibordeaux\\vendor\\laravel\\framework\\src\\Illuminate\\Container\\BoundMethod.php(29): call_user_func_array(Array, Array)
#5 D:\\wamp64\\www\\ProjetWeb2019\\bdecesibordeaux\\vendor\\laravel\\framework\\src\\Illuminate\\Container\\BoundMethod.php(87): Illuminate\\Container\\BoundMethod::Illuminate\\Container\\{closure}()
#6 D:\\wamp64\\www\\ProjetWeb2019\\bdecesibordeaux\\vendor\\laravel\\framework\\src\\Illuminate\\Container\\BoundMethod.php(31): Illuminate\\Container\\BoundMethod::callBoundMethod(Object(Illuminate\\Foundation\\Application), Array, Object(Closure))
#7 D:\\wamp64\\www\\ProjetWeb2019\\bdecesibordeaux\\vendor\\laravel\\framework\\src\\Illuminate\\Container\\Container.php(572): Illuminate\\Container\\BoundMethod::call(Object(Illuminate\\Foundation\\Application), Array, Array, NULL)
#8 D:\\wamp64\\www\\ProjetWeb2019\\bdecesibordeaux\\vendor\\laravel\\framework\\src\\Illuminate\\Console\\Command.php(183): Illuminate\\Container\\Container->call(Array)
#9 D:\\wamp64\\www\\ProjetWeb2019\\bdecesibordeaux\\vendor\\symfony\\console\\Command\\Command.php(255): Illuminate\\Console\\Command->execute(Object(Symfony\\Component\\Console\\Input\\ArgvInput), Object(Illuminate\\Console\\OutputStyle))
#10 D:\\wamp64\\www\\ProjetWeb2019\\bdecesibordeaux\\vendor\\laravel\\framework\\src\\Illuminate\\Console\\Command.php(170): Symfony\\Component\\Console\\Command\\Command->run(Object(Symfony\\Component\\Console\\Input\\ArgvInput), Object(Illuminate\\Console\\OutputStyle))
#11 D:\\wamp64\\www\\ProjetWeb2019\\bdecesibordeaux\\vendor\\symfony\\console\\Application.php(901): Illuminate\\Console\\Command->run(Object(Symfony\\Component\\Console\\Input\\ArgvInput), Object(Symfony\\Component\\Console\\Output\\ConsoleOutput))
#12 D:\\wamp64\\www\\ProjetWeb2019\\bdecesibordeaux\\vendor\\symfony\\console\\Application.php(262): Symfony\\Component\\Console\\Application->doRunCommand(Object(Illuminate\\Database\\Console\\Migrations\\MigrateMakeCommand), Object(Symfony\\Component\\Console\\Input\\ArgvInput), Object(Symfony\\Component\\Console\\Output\\ConsoleOutput))
#13 D:\\wamp64\\www\\ProjetWeb2019\\bdecesibordeaux\\vendor\\symfony\\console\\Application.php(145): Symfony\\Component\\Console\\Application->doRun(Object(Symfony\\Component\\Console\\Input\\ArgvInput), Object(Symfony\\Component\\Console\\Output\\ConsoleOutput))
#14 D:\\wamp64\\www\\ProjetWeb2019\\bdecesibordeaux\\vendor\\laravel\\framework\\src\\Illuminate\\Console\\Application.php(89): Symfony\\Component\\Console\\Application->run(Object(Symfony\\Component\\Console\\Input\\ArgvInput), Object(Symfony\\Component\\Console\\Output\\ConsoleOutput))
#15 D:\\wamp64\\www\\ProjetWeb2019\\bdecesibordeaux\\vendor\\laravel\\framework\\src\\Illuminate\\Foundation\\Console\\Kernel.php(122): Illuminate\\Console\\Application->run(Object(Symfony\\Component\\Console\\Input\\ArgvInput), Object(Symfony\\Component\\Console\\Output\\ConsoleOutput))
#16 D:\\wamp64\\www\\ProjetWeb2019\\bdecesibordeaux\\artisan(37): Illuminate\\Foundation\\Console\\Kernel->handle(Object(Symfony\\Component\\Console\\Input\\ArgvInput), Object(Symfony\\Component\\Console\\Output\\ConsoleOutput))
#17 {main}
"} 
[2019-01-22 17:11:09] local.ERROR: A Center class already exists. {"exception":"[object] (InvalidArgumentException(code: 0): A Center class already exists. at D:\\wamp64\\www\\ProjetWeb2019\\bdecesibordeaux\\vendor\\laravel\\framework\\src\\Illuminate\\Database\\Migrations\\MigrationCreator.php:81)
[stacktrace]
#0 D:\\wamp64\\www\\ProjetWeb2019\\bdecesibordeaux\\vendor\\laravel\\framework\\src\\Illuminate\\Database\\Migrations\\MigrationCreator.php(50): Illuminate\\Database\\Migrations\\MigrationCreator->ensureMigrationDoesntAlreadyExist('center')
#1 D:\\wamp64\\www\\ProjetWeb2019\\bdecesibordeaux\\vendor\\laravel\\framework\\src\\Illuminate\\Database\\Console\\Migrations\\MigrateMakeCommand.php(109): Illuminate\\Database\\Migrations\\MigrationCreator->create('center', 'D:\\\\wamp64\\\\www\\\\P...', NULL, NULL)
#2 D:\\wamp64\\www\\ProjetWeb2019\\bdecesibordeaux\\vendor\\laravel\\framework\\src\\Illuminate\\Database\\Console\\Migrations\\MigrateMakeCommand.php(93): Illuminate\\Database\\Console\\Migrations\\MigrateMakeCommand->writeMigration('center', NULL, NULL)
#3 [internal function]: Illuminate\\Database\\Console\\Migrations\\MigrateMakeCommand->handle()
#4 D:\\wamp64\\www\\ProjetWeb2019\\bdecesibordeaux\\vendor\\laravel\\framework\\src\\Illuminate\\Container\\BoundMethod.php(29): call_user_func_array(Array, Array)
#5 D:\\wamp64\\www\\ProjetWeb2019\\bdecesibordeaux\\vendor\\laravel\\framework\\src\\Illuminate\\Container\\BoundMethod.php(87): Illuminate\\Container\\BoundMethod::Illuminate\\Container\\{closure}()
#6 D:\\wamp64\\www\\ProjetWeb2019\\bdecesibordeaux\\vendor\\laravel\\framework\\src\\Illuminate\\Container\\BoundMethod.php(31): Illuminate\\Container\\BoundMethod::callBoundMethod(Object(Illuminate\\Foundation\\Application), Array, Object(Closure))
#7 D:\\wamp64\\www\\ProjetWeb2019\\bdecesibordeaux\\vendor\\laravel\\framework\\src\\Illuminate\\Container\\Container.php(572): Illuminate\\Container\\BoundMethod::call(Object(Illuminate\\Foundation\\Application), Array, Array, NULL)
#8 D:\\wamp64\\www\\ProjetWeb2019\\bdecesibordeaux\\vendor\\laravel\\framework\\src\\Illuminate\\Console\\Command.php(183): Illuminate\\Container\\Container->call(Array)
#9 D:\\wamp64\\www\\ProjetWeb2019\\bdecesibordeaux\\vendor\\symfony\\console\\Command\\Command.php(255): Illuminate\\Console\\Command->execute(Object(Symfony\\Component\\Console\\Input\\ArgvInput), Object(Illuminate\\Console\\OutputStyle))
#10 D:\\wamp64\\www\\ProjetWeb2019\\bdecesibordeaux\\vendor\\laravel\\framework\\src\\Illuminate\\Console\\Command.php(170): Symfony\\Component\\Console\\Command\\Command->run(Object(Symfony\\Component\\Console\\Input\\ArgvInput), Object(Illuminate\\Console\\OutputStyle))
#11 D:\\wamp64\\www\\ProjetWeb2019\\bdecesibordeaux\\vendor\\symfony\\console\\Application.php(901): Illuminate\\Console\\Command->run(Object(Symfony\\Component\\Console\\Input\\ArgvInput), Object(Symfony\\Component\\Console\\Output\\ConsoleOutput))
#12 D:\\wamp64\\www\\ProjetWeb2019\\bdecesibordeaux\\vendor\\symfony\\console\\Application.php(262): Symfony\\Component\\Console\\Application->doRunCommand(Object(Illuminate\\Database\\Console\\Migrations\\MigrateMakeCommand), Object(Symfony\\Component\\Console\\Input\\ArgvInput), Object(Symfony\\Component\\Console\\Output\\ConsoleOutput))
#13 D:\\wamp64\\www\\ProjetWeb2019\\bdecesibordeaux\\vendor\\symfony\\console\\Application.php(145): Symfony\\Component\\Console\\Application->doRun(Object(Symfony\\Component\\Console\\Input\\ArgvInput), Object(Symfony\\Component\\Console\\Output\\ConsoleOutput))
#14 D:\\wamp64\\www\\ProjetWeb2019\\bdecesibordeaux\\vendor\\laravel\\framework\\src\\Illuminate\\Console\\Application.php(89): Symfony\\Component\\Console\\Application->run(Object(Symfony\\Component\\Console\\Input\\ArgvInput), Object(Symfony\\Component\\Console\\Output\\ConsoleOutput))
#15 D:\\wamp64\\www\\ProjetWeb2019\\bdecesibordeaux\\vendor\\laravel\\framework\\src\\Illuminate\\Foundation\\Console\\Kernel.php(122): Illuminate\\Console\\Application->run(Object(Symfony\\Component\\Console\\Input\\ArgvInput), Object(Symfony\\Component\\Console\\Output\\ConsoleOutput))
#16 D:\\wamp64\\www\\ProjetWeb2019\\bdecesibordeaux\\artisan(37): Illuminate\\Foundation\\Console\\Kernel->handle(Object(Symfony\\Component\\Console\\Input\\ArgvInput), Object(Symfony\\Component\\Console\\Output\\ConsoleOutput))
#17 {main}
"} 
[2019-01-22 17:11:47] local.ERROR: include(D:\wamp64\www\ProjetWeb2019\bdecesibordeaux\vendor\composer/../../database/seeds/Center.php): failed to open stream: No such file or directory {"exception":"[object] (ErrorException(code: 0): include(D:\\wamp64\\www\\ProjetWeb2019\\bdecesibordeaux\\vendor\\composer/../../database/seeds/Center.php): failed to open stream: No such file or directory at D:\\wamp64\\www\\ProjetWeb2019\\bdecesibordeaux\\vendor\\composer\\ClassLoader.php:444)
[stacktrace]
#0 D:\\wamp64\\www\\ProjetWeb2019\\bdecesibordeaux\\vendor\\composer\\ClassLoader.php(444): Illuminate\\Foundation\\Bootstrap\\HandleExceptions->handleError(2, 'include(D:\\\\wamp...', 'D:\\\\wamp64\\\\www\\\\P...', 444, Array)
#1 D:\\wamp64\\www\\ProjetWeb2019\\bdecesibordeaux\\vendor\\composer\\ClassLoader.php(444): include()
#2 D:\\wamp64\\www\\ProjetWeb2019\\bdecesibordeaux\\vendor\\composer\\ClassLoader.php(322): Composer\\Autoload\\includeFile('D:\\\\wamp64\\\\www\\\\P...')
#3 [internal function]: Composer\\Autoload\\ClassLoader->loadClass('Center')
#4 [internal function]: spl_autoload_call('Center')
#5 D:\\wamp64\\www\\ProjetWeb2019\\bdecesibordeaux\\vendor\\laravel\\framework\\src\\Illuminate\\Database\\Migrations\\MigrationCreator.php(80): class_exists('Center')
#6 D:\\wamp64\\www\\ProjetWeb2019\\bdecesibordeaux\\vendor\\laravel\\framework\\src\\Illuminate\\Database\\Migrations\\MigrationCreator.php(50): Illuminate\\Database\\Migrations\\MigrationCreator->ensureMigrationDoesntAlreadyExist('center')
#7 D:\\wamp64\\www\\ProjetWeb2019\\bdecesibordeaux\\vendor\\laravel\\framework\\src\\Illuminate\\Database\\Console\\Migrations\\MigrateMakeCommand.php(109): Illuminate\\Database\\Migrations\\MigrationCreator->create('center', 'D:\\\\wamp64\\\\www\\\\P...', NULL, NULL)
#8 D:\\wamp64\\www\\ProjetWeb2019\\bdecesibordeaux\\vendor\\laravel\\framework\\src\\Illuminate\\Database\\Console\\Migrations\\MigrateMakeCommand.php(93): Illuminate\\Database\\Console\\Migrations\\MigrateMakeCommand->writeMigration('center', NULL, NULL)
#9 [internal function]: Illuminate\\Database\\Console\\Migrations\\MigrateMakeCommand->handle()
#10 D:\\wamp64\\www\\ProjetWeb2019\\bdecesibordeaux\\vendor\\laravel\\framework\\src\\Illuminate\\Container\\BoundMethod.php(29): call_user_func_array(Array, Array)
#11 D:\\wamp64\\www\\ProjetWeb2019\\bdecesibordeaux\\vendor\\laravel\\framework\\src\\Illuminate\\Container\\BoundMethod.php(87): Illuminate\\Container\\BoundMethod::Illuminate\\Container\\{closure}()
#12 D:\\wamp64\\www\\ProjetWeb2019\\bdecesibordeaux\\vendor\\laravel\\framework\\src\\Illuminate\\Container\\BoundMethod.php(31): Illuminate\\Container\\BoundMethod::callBoundMethod(Object(Illuminate\\Foundation\\Application), Array, Object(Closure))
#13 D:\\wamp64\\www\\ProjetWeb2019\\bdecesibordeaux\\vendor\\laravel\\framework\\src\\Illuminate\\Container\\Container.php(572): Illuminate\\Container\\BoundMethod::call(Object(Illuminate\\Foundation\\Application), Array, Array, NULL)
#14 D:\\wamp64\\www\\ProjetWeb2019\\bdecesibordeaux\\vendor\\laravel\\framework\\src\\Illuminate\\Console\\Command.php(183): Illuminate\\Container\\Container->call(Array)
#15 D:\\wamp64\\www\\ProjetWeb2019\\bdecesibordeaux\\vendor\\symfony\\console\\Command\\Command.php(255): Illuminate\\Console\\Command->execute(Object(Symfony\\Component\\Console\\Input\\ArgvInput), Object(Illuminate\\Console\\OutputStyle))
#16 D:\\wamp64\\www\\ProjetWeb2019\\bdecesibordeaux\\vendor\\laravel\\framework\\src\\Illuminate\\Console\\Command.php(170): Symfony\\Component\\Console\\Command\\Command->run(Object(Symfony\\Component\\Console\\Input\\ArgvInput), Object(Illuminate\\Console\\OutputStyle))
#17 D:\\wamp64\\www\\ProjetWeb2019\\bdecesibordeaux\\vendor\\symfony\\console\\Application.php(901): Illuminate\\Console\\Command->run(Object(Symfony\\Component\\Console\\Input\\ArgvInput), Object(Symfony\\Component\\Console\\Output\\ConsoleOutput))
#18 D:\\wamp64\\www\\ProjetWeb2019\\bdecesibordeaux\\vendor\\symfony\\console\\Application.php(262): Symfony\\Component\\Console\\Application->doRunCommand(Object(Illuminate\\Database\\Console\\Migrations\\MigrateMakeCommand), Object(Symfony\\Component\\Console\\Input\\ArgvInput), Object(Symfony\\Component\\Console\\Output\\ConsoleOutput))
#19 D:\\wamp64\\www\\ProjetWeb2019\\bdecesibordeaux\\vendor\\symfony\\console\\Application.php(145): Symfony\\Component\\Console\\Application->doRun(Object(Symfony\\Component\\Console\\Input\\ArgvInput), Object(Symfony\\Component\\Console\\Output\\ConsoleOutput))
#20 D:\\wamp64\\www\\ProjetWeb2019\\bdecesibordeaux\\vendor\\laravel\\framework\\src\\Illuminate\\Console\\Application.php(89): Symfony\\Component\\Console\\Application->run(Object(Symfony\\Component\\Console\\Input\\ArgvInput), Object(Symfony\\Component\\Console\\Output\\ConsoleOutput))
#21 D:\\wamp64\\www\\ProjetWeb2019\\bdecesibordeaux\\vendor\\laravel\\framework\\src\\Illuminate\\Foundation\\Console\\Kernel.php(122): Illuminate\\Console\\Application->run(Object(Symfony\\Component\\Console\\Input\\ArgvInput), Object(Symfony\\Component\\Console\\Output\\ConsoleOutput))
#22 D:\\wamp64\\www\\ProjetWeb2019\\bdecesibordeaux\\artisan(37): Illuminate\\Foundation\\Console\\Kernel->handle(Object(Symfony\\Component\\Console\\Input\\ArgvInput), Object(Symfony\\Component\\Console\\Output\\ConsoleOutput))
#23 {main}
"} 
[2019-01-22 17:13:36] local.ERROR: include(D:\wamp64\www\ProjetWeb2019\bdecesibordeaux\vendor\composer/../../database/seeds/Center.php): failed to open stream: No such file or directory {"exception":"[object] (ErrorException(code: 0): include(D:\\wamp64\\www\\ProjetWeb2019\\bdecesibordeaux\\vendor\\composer/../../database/seeds/Center.php): failed to open stream: No such file or directory at D:\\wamp64\\www\\ProjetWeb2019\\bdecesibordeaux\\vendor\\composer\\ClassLoader.php:444)
[stacktrace]
#0 D:\\wamp64\\www\\ProjetWeb2019\\bdecesibordeaux\\vendor\\composer\\ClassLoader.php(444): Illuminate\\Foundation\\Bootstrap\\HandleExceptions->handleError(2, 'include(D:\\\\wamp...', 'D:\\\\wamp64\\\\www\\\\P...', 444, Array)
#1 D:\\wamp64\\www\\ProjetWeb2019\\bdecesibordeaux\\vendor\\composer\\ClassLoader.php(444): include()
#2 D:\\wamp64\\www\\ProjetWeb2019\\bdecesibordeaux\\vendor\\composer\\ClassLoader.php(322): Composer\\Autoload\\includeFile('D:\\\\wamp64\\\\www\\\\P...')
#3 [internal function]: Composer\\Autoload\\ClassLoader->loadClass('Center')
#4 [internal function]: spl_autoload_call('Center')
#5 D:\\wamp64\\www\\ProjetWeb2019\\bdecesibordeaux\\vendor\\laravel\\framework\\src\\Illuminate\\Database\\Migrations\\MigrationCreator.php(80): class_exists('Center')
#6 D:\\wamp64\\www\\ProjetWeb2019\\bdecesibordeaux\\vendor\\laravel\\framework\\src\\Illuminate\\Database\\Migrations\\MigrationCreator.php(50): Illuminate\\Database\\Migrations\\MigrationCreator->ensureMigrationDoesntAlreadyExist('center')
#7 D:\\wamp64\\www\\ProjetWeb2019\\bdecesibordeaux\\vendor\\laravel\\framework\\src\\Illuminate\\Database\\Console\\Migrations\\MigrateMakeCommand.php(109): Illuminate\\Database\\Migrations\\MigrationCreator->create('center', 'D:\\\\wamp64\\\\www\\\\P...', NULL, NULL)
#8 D:\\wamp64\\www\\ProjetWeb2019\\bdecesibordeaux\\vendor\\laravel\\framework\\src\\Illuminate\\Database\\Console\\Migrations\\MigrateMakeCommand.php(93): Illuminate\\Database\\Console\\Migrations\\MigrateMakeCommand->writeMigration('center', NULL, NULL)
#9 [internal function]: Illuminate\\Database\\Console\\Migrations\\MigrateMakeCommand->handle()
#10 D:\\wamp64\\www\\ProjetWeb2019\\bdecesibordeaux\\vendor\\laravel\\framework\\src\\Illuminate\\Container\\BoundMethod.php(29): call_user_func_array(Array, Array)
#11 D:\\wamp64\\www\\ProjetWeb2019\\bdecesibordeaux\\vendor\\laravel\\framework\\src\\Illuminate\\Container\\BoundMethod.php(87): Illuminate\\Container\\BoundMethod::Illuminate\\Container\\{closure}()
#12 D:\\wamp64\\www\\ProjetWeb2019\\bdecesibordeaux\\vendor\\laravel\\framework\\src\\Illuminate\\Container\\BoundMethod.php(31): Illuminate\\Container\\BoundMethod::callBoundMethod(Object(Illuminate\\Foundation\\Application), Array, Object(Closure))
#13 D:\\wamp64\\www\\ProjetWeb2019\\bdecesibordeaux\\vendor\\laravel\\framework\\src\\Illuminate\\Container\\Container.php(572): Illuminate\\Container\\BoundMethod::call(Object(Illuminate\\Foundation\\Application), Array, Array, NULL)
#14 D:\\wamp64\\www\\ProjetWeb2019\\bdecesibordeaux\\vendor\\laravel\\framework\\src\\Illuminate\\Console\\Command.php(183): Illuminate\\Container\\Container->call(Array)
#15 D:\\wamp64\\www\\ProjetWeb2019\\bdecesibordeaux\\vendor\\symfony\\console\\Command\\Command.php(255): Illuminate\\Console\\Command->execute(Object(Symfony\\Component\\Console\\Input\\ArgvInput), Object(Illuminate\\Console\\OutputStyle))
#16 D:\\wamp64\\www\\ProjetWeb2019\\bdecesibordeaux\\vendor\\laravel\\framework\\src\\Illuminate\\Console\\Command.php(170): Symfony\\Component\\Console\\Command\\Command->run(Object(Symfony\\Component\\Console\\Input\\ArgvInput), Object(Illuminate\\Console\\OutputStyle))
#17 D:\\wamp64\\www\\ProjetWeb2019\\bdecesibordeaux\\vendor\\symfony\\console\\Application.php(901): Illuminate\\Console\\Command->run(Object(Symfony\\Component\\Console\\Input\\ArgvInput), Object(Symfony\\Component\\Console\\Output\\ConsoleOutput))
#18 D:\\wamp64\\www\\ProjetWeb2019\\bdecesibordeaux\\vendor\\symfony\\console\\Application.php(262): Symfony\\Component\\Console\\Application->doRunCommand(Object(Illuminate\\Database\\Console\\Migrations\\MigrateMakeCommand), Object(Symfony\\Component\\Console\\Input\\ArgvInput), Object(Symfony\\Component\\Console\\Output\\ConsoleOutput))
#19 D:\\wamp64\\www\\ProjetWeb2019\\bdecesibordeaux\\vendor\\symfony\\console\\Application.php(145): Symfony\\Component\\Console\\Application->doRun(Object(Symfony\\Component\\Console\\Input\\ArgvInput), Object(Symfony\\Component\\Console\\Output\\ConsoleOutput))
#20 D:\\wamp64\\www\\ProjetWeb2019\\bdecesibordeaux\\vendor\\laravel\\framework\\src\\Illuminate\\Console\\Application.php(89): Symfony\\Component\\Console\\Application->run(Object(Symfony\\Component\\Console\\Input\\ArgvInput), Object(Symfony\\Component\\Console\\Output\\ConsoleOutput))
#21 D:\\wamp64\\www\\ProjetWeb2019\\bdecesibordeaux\\vendor\\laravel\\framework\\src\\Illuminate\\Foundation\\Console\\Kernel.php(122): Illuminate\\Console\\Application->run(Object(Symfony\\Component\\Console\\Input\\ArgvInput), Object(Symfony\\Component\\Console\\Output\\ConsoleOutput))
#22 D:\\wamp64\\www\\ProjetWeb2019\\bdecesibordeaux\\artisan(37): Illuminate\\Foundation\\Console\\Kernel->handle(Object(Symfony\\Component\\Console\\Input\\ArgvInput), Object(Symfony\\Component\\Console\\Output\\ConsoleOutput))
#23 {main}
"} 
[2019-01-22 17:14:34] local.ERROR: include(D:\wamp64\www\ProjetWeb2019\bdecesibordeaux\vendor\composer/../../database/seeds/Center.php): failed to open stream: No such file or directory {"exception":"[object] (ErrorException(code: 0): include(D:\\wamp64\\www\\ProjetWeb2019\\bdecesibordeaux\\vendor\\composer/../../database/seeds/Center.php): failed to open stream: No such file or directory at D:\\wamp64\\www\\ProjetWeb2019\\bdecesibordeaux\\vendor\\composer\\ClassLoader.php:444)
[stacktrace]
#0 D:\\wamp64\\www\\ProjetWeb2019\\bdecesibordeaux\\vendor\\composer\\ClassLoader.php(444): Illuminate\\Foundation\\Bootstrap\\HandleExceptions->handleError(2, 'include(D:\\\\wamp...', 'D:\\\\wamp64\\\\www\\\\P...', 444, Array)
#1 D:\\wamp64\\www\\ProjetWeb2019\\bdecesibordeaux\\vendor\\composer\\ClassLoader.php(444): include()
#2 D:\\wamp64\\www\\ProjetWeb2019\\bdecesibordeaux\\vendor\\composer\\ClassLoader.php(322): Composer\\Autoload\\includeFile('D:\\\\wamp64\\\\www\\\\P...')
#3 [internal function]: Composer\\Autoload\\ClassLoader->loadClass('Center')
#4 [internal function]: spl_autoload_call('Center')
#5 D:\\wamp64\\www\\ProjetWeb2019\\bdecesibordeaux\\vendor\\laravel\\framework\\src\\Illuminate\\Database\\Migrations\\MigrationCreator.php(80): class_exists('Center')
#6 D:\\wamp64\\www\\ProjetWeb2019\\bdecesibordeaux\\vendor\\laravel\\framework\\src\\Illuminate\\Database\\Migrations\\MigrationCreator.php(50): Illuminate\\Database\\Migrations\\MigrationCreator->ensureMigrationDoesntAlreadyExist('center')
#7 D:\\wamp64\\www\\ProjetWeb2019\\bdecesibordeaux\\vendor\\laravel\\framework\\src\\Illuminate\\Database\\Console\\Migrations\\MigrateMakeCommand.php(109): Illuminate\\Database\\Migrations\\MigrationCreator->create('center', 'D:\\\\wamp64\\\\www\\\\P...', NULL, NULL)
#8 D:\\wamp64\\www\\ProjetWeb2019\\bdecesibordeaux\\vendor\\laravel\\framework\\src\\Illuminate\\Database\\Console\\Migrations\\MigrateMakeCommand.php(93): Illuminate\\Database\\Console\\Migrations\\MigrateMakeCommand->writeMigration('center', NULL, NULL)
#9 [internal function]: Illuminate\\Database\\Console\\Migrations\\MigrateMakeCommand->handle()
#10 D:\\wamp64\\www\\ProjetWeb2019\\bdecesibordeaux\\vendor\\laravel\\framework\\src\\Illuminate\\Container\\BoundMethod.php(29): call_user_func_array(Array, Array)
#11 D:\\wamp64\\www\\ProjetWeb2019\\bdecesibordeaux\\vendor\\laravel\\framework\\src\\Illuminate\\Container\\BoundMethod.php(87): Illuminate\\Container\\BoundMethod::Illuminate\\Container\\{closure}()
#12 D:\\wamp64\\www\\ProjetWeb2019\\bdecesibordeaux\\vendor\\laravel\\framework\\src\\Illuminate\\Container\\BoundMethod.php(31): Illuminate\\Container\\BoundMethod::callBoundMethod(Object(Illuminate\\Foundation\\Application), Array, Object(Closure))
#13 D:\\wamp64\\www\\ProjetWeb2019\\bdecesibordeaux\\vendor\\laravel\\framework\\src\\Illuminate\\Container\\Container.php(572): Illuminate\\Container\\BoundMethod::call(Object(Illuminate\\Foundation\\Application), Array, Array, NULL)
#14 D:\\wamp64\\www\\ProjetWeb2019\\bdecesibordeaux\\vendor\\laravel\\framework\\src\\Illuminate\\Console\\Command.php(183): Illuminate\\Container\\Container->call(Array)
#15 D:\\wamp64\\www\\ProjetWeb2019\\bdecesibordeaux\\vendor\\symfony\\console\\Command\\Command.php(255): Illuminate\\Console\\Command->execute(Object(Symfony\\Component\\Console\\Input\\ArgvInput), Object(Illuminate\\Console\\OutputStyle))
#16 D:\\wamp64\\www\\ProjetWeb2019\\bdecesibordeaux\\vendor\\laravel\\framework\\src\\Illuminate\\Console\\Command.php(170): Symfony\\Component\\Console\\Command\\Command->run(Object(Symfony\\Component\\Console\\Input\\ArgvInput), Object(Illuminate\\Console\\OutputStyle))
#17 D:\\wamp64\\www\\ProjetWeb2019\\bdecesibordeaux\\vendor\\symfony\\console\\Application.php(901): Illuminate\\Console\\Command->run(Object(Symfony\\Component\\Console\\Input\\ArgvInput), Object(Symfony\\Component\\Console\\Output\\ConsoleOutput))
#18 D:\\wamp64\\www\\ProjetWeb2019\\bdecesibordeaux\\vendor\\symfony\\console\\Application.php(262): Symfony\\Component\\Console\\Application->doRunCommand(Object(Illuminate\\Database\\Console\\Migrations\\MigrateMakeCommand), Object(Symfony\\Component\\Console\\Input\\ArgvInput), Object(Symfony\\Component\\Console\\Output\\ConsoleOutput))
#19 D:\\wamp64\\www\\ProjetWeb2019\\bdecesibordeaux\\vendor\\symfony\\console\\Application.php(145): Symfony\\Component\\Console\\Application->doRun(Object(Symfony\\Component\\Console\\Input\\ArgvInput), Object(Symfony\\Component\\Console\\Output\\ConsoleOutput))
#20 D:\\wamp64\\www\\ProjetWeb2019\\bdecesibordeaux\\vendor\\laravel\\framework\\src\\Illuminate\\Console\\Application.php(89): Symfony\\Component\\Console\\Application->run(Object(Symfony\\Component\\Console\\Input\\ArgvInput), Object(Symfony\\Component\\Console\\Output\\ConsoleOutput))
#21 D:\\wamp64\\www\\ProjetWeb2019\\bdecesibordeaux\\vendor\\laravel\\framework\\src\\Illuminate\\Foundation\\Console\\Kernel.php(122): Illuminate\\Console\\Application->run(Object(Symfony\\Component\\Console\\Input\\ArgvInput), Object(Symfony\\Component\\Console\\Output\\ConsoleOutput))
#22 D:\\wamp64\\www\\ProjetWeb2019\\bdecesibordeaux\\artisan(37): Illuminate\\Foundation\\Console\\Kernel->handle(Object(Symfony\\Component\\Console\\Input\\ArgvInput), Object(Symfony\\Component\\Console\\Output\\ConsoleOutput))
#23 {main}
"} 
[2019-01-22 17:21:50] local.ERROR: SQLSTATE[HY000]: General error: 1215 Impossible d'ajouter des contraintes d'index externe (SQL: alter table `Basket` add constraint `fk_Basket_Product1_idx` foreign key (`Product_ID`) references `Product` (`ID`) on delete no action on update no action) {"exception":"[object] (Illuminate\\Database\\QueryException(code: HY000): SQLSTATE[HY000]: General error: 1215 Impossible d'ajouter des contraintes d'index externe (SQL: alter table `Basket` add constraint `fk_Basket_Product1_idx` foreign key (`Product_ID`) references `Product` (`ID`) on delete no action on update no action) at D:\\wamp64\\www\\ProjetWeb2019\\bdecesibordeaux\\vendor\\laravel\\framework\\src\\Illuminate\\Database\\Connection.php:664, PDOException(code: HY000): SQLSTATE[HY000]: General error: 1215 Impossible d'ajouter des contraintes d'index externe at D:\\wamp64\\www\\ProjetWeb2019\\bdecesibordeaux\\vendor\\laravel\\framework\\src\\Illuminate\\Database\\Connection.php:458)
[stacktrace]
#0 D:\\wamp64\\www\\ProjetWeb2019\\bdecesibordeaux\\vendor\\laravel\\framework\\src\\Illuminate\\Database\\Connection.php(624): Illuminate\\Database\\Connection->runQueryCallback('alter table `Ba...', Array, Object(Closure))
#1 D:\\wamp64\\www\\ProjetWeb2019\\bdecesibordeaux\\vendor\\laravel\\framework\\src\\Illuminate\\Database\\Connection.php(459): Illuminate\\Database\\Connection->run('alter table `Ba...', Array, Object(Closure))
#2 D:\\wamp64\\www\\ProjetWeb2019\\bdecesibordeaux\\vendor\\laravel\\framework\\src\\Illuminate\\Database\\Schema\\Blueprint.php(97): Illuminate\\Database\\Connection->statement('alter table `Ba...')
#3 D:\\wamp64\\www\\ProjetWeb2019\\bdecesibordeaux\\vendor\\laravel\\framework\\src\\Illuminate\\Database\\Schema\\Builder.php(264): Illuminate\\Database\\Schema\\Blueprint->build(Object(Illuminate\\Database\\MySqlConnection), Object(Illuminate\\Database\\Schema\\Grammars\\MySqlGrammar))
#4 D:\\wamp64\\www\\ProjetWeb2019\\bdecesibordeaux\\vendor\\laravel\\framework\\src\\Illuminate\\Database\\Schema\\Builder.php(165): Illuminate\\Database\\Schema\\Builder->build(Object(Illuminate\\Database\\Schema\\Blueprint))
#5 D:\\wamp64\\www\\ProjetWeb2019\\bdecesibordeaux\\vendor\\laravel\\framework\\src\\Illuminate\\Support\\Facades\\Facade.php(237): Illuminate\\Database\\Schema\\Builder->create('Basket', Object(Closure))
#6 D:\\wamp64\\www\\ProjetWeb2019\\bdecesibordeaux\\database\\migrations\\2019_01_22_135346_create_basket_table.php(44): Illuminate\\Support\\Facades\\Facade::__callStatic('create', Array)
#7 D:\\wamp64\\www\\ProjetWeb2019\\bdecesibordeaux\\vendor\\laravel\\framework\\src\\Illuminate\\Database\\Migrations\\Migrator.php(360): CreateBasketTable->up()
#8 D:\\wamp64\\www\\ProjetWeb2019\\bdecesibordeaux\\vendor\\laravel\\framework\\src\\Illuminate\\Database\\Migrations\\Migrator.php(367): Illuminate\\Database\\Migrations\\Migrator->Illuminate\\Database\\Migrations\\{closure}()
#9 D:\\wamp64\\www\\ProjetWeb2019\\bdecesibordeaux\\vendor\\laravel\\framework\\src\\Illuminate\\Database\\Migrations\\Migrator.php(178): Illuminate\\Database\\Migrations\\Migrator->runMigration(Object(CreateBasketTable), 'up')
#10 D:\\wamp64\\www\\ProjetWeb2019\\bdecesibordeaux\\vendor\\laravel\\framework\\src\\Illuminate\\Database\\Migrations\\Migrator.php(147): Illuminate\\Database\\Migrations\\Migrator->runUp('D:\\\\wamp64\\\\www\\\\P...', 1, false)
#11 D:\\wamp64\\www\\ProjetWeb2019\\bdecesibordeaux\\vendor\\laravel\\framework\\src\\Illuminate\\Database\\Migrations\\Migrator.php(96): Illuminate\\Database\\Migrations\\Migrator->runPending(Array, Array)
#12 D:\\wamp64\\www\\ProjetWeb2019\\bdecesibordeaux\\vendor\\laravel\\framework\\src\\Illuminate\\Database\\Console\\Migrations\\MigrateCommand.php(71): Illuminate\\Database\\Migrations\\Migrator->run(Array, Array)
#13 [internal function]: Illuminate\\Database\\Console\\Migrations\\MigrateCommand->handle()
#14 D:\\wamp64\\www\\ProjetWeb2019\\bdecesibordeaux\\vendor\\laravel\\framework\\src\\Illuminate\\Container\\BoundMethod.php(29): call_user_func_array(Array, Array)
#15 D:\\wamp64\\www\\ProjetWeb2019\\bdecesibordeaux\\vendor\\laravel\\framework\\src\\Illuminate\\Container\\BoundMethod.php(87): Illuminate\\Container\\BoundMethod::Illuminate\\Container\\{closure}()
#16 D:\\wamp64\\www\\ProjetWeb2019\\bdecesibordeaux\\vendor\\laravel\\framework\\src\\Illuminate\\Container\\BoundMethod.php(31): Illuminate\\Container\\BoundMethod::callBoundMethod(Object(Illuminate\\Foundation\\Application), Array, Object(Closure))
#17 D:\\wamp64\\www\\ProjetWeb2019\\bdecesibordeaux\\vendor\\laravel\\framework\\src\\Illuminate\\Container\\Container.php(572): Illuminate\\Container\\BoundMethod::call(Object(Illuminate\\Foundation\\Application), Array, Array, NULL)
#18 D:\\wamp64\\www\\ProjetWeb2019\\bdecesibordeaux\\vendor\\laravel\\framework\\src\\Illuminate\\Console\\Command.php(183): Illuminate\\Container\\Container->call(Array)
#19 D:\\wamp64\\www\\ProjetWeb2019\\bdecesibordeaux\\vendor\\symfony\\console\\Command\\Command.php(255): Illuminate\\Console\\Command->execute(Object(Symfony\\Component\\Console\\Input\\ArrayInput), Object(Illuminate\\Console\\OutputStyle))
#20 D:\\wamp64\\www\\ProjetWeb2019\\bdecesibordeaux\\vendor\\laravel\\framework\\src\\Illuminate\\Console\\Command.php(170): Symfony\\Component\\Console\\Command\\Command->run(Object(Symfony\\Component\\Console\\Input\\ArrayInput), Object(Illuminate\\Console\\OutputStyle))
#21 D:\\wamp64\\www\\ProjetWeb2019\\bdecesibordeaux\\vendor\\laravel\\framework\\src\\Illuminate\\Console\\Command.php(198): Illuminate\\Console\\Command->run(Object(Symfony\\Component\\Console\\Input\\ArrayInput), Object(Illuminate\\Console\\OutputStyle))
#22 D:\\wamp64\\www\\ProjetWeb2019\\bdecesibordeaux\\vendor\\laravel\\framework\\src\\Illuminate\\Database\\Console\\Migrations\\RefreshCommand.php(60): Illuminate\\Console\\Command->call('migrate', Array)
#23 [internal function]: Illuminate\\Database\\Console\\Migrations\\RefreshCommand->handle()
#24 D:\\wamp64\\www\\ProjetWeb2019\\bdecesibordeaux\\vendor\\laravel\\framework\\src\\Illuminate\\Container\\BoundMethod.php(29): call_user_func_array(Array, Array)
#25 D:\\wamp64\\www\\ProjetWeb2019\\bdecesibordeaux\\vendor\\laravel\\framework\\src\\Illuminate\\Container\\BoundMethod.php(87): Illuminate\\Container\\BoundMethod::Illuminate\\Container\\{closure}()
#26 D:\\wamp64\\www\\ProjetWeb2019\\bdecesibordeaux\\vendor\\laravel\\framework\\src\\Illuminate\\Container\\BoundMethod.php(31): Illuminate\\Container\\BoundMethod::callBoundMethod(Object(Illuminate\\Foundation\\Application), Array, Object(Closure))
#27 D:\\wamp64\\www\\ProjetWeb2019\\bdecesibordeaux\\vendor\\laravel\\framework\\src\\Illuminate\\Container\\Container.php(572): Illuminate\\Container\\BoundMethod::call(Object(Illuminate\\Foundation\\Application), Array, Array, NULL)
#28 D:\\wamp64\\www\\ProjetWeb2019\\bdecesibordeaux\\vendor\\laravel\\framework\\src\\Illuminate\\Console\\Command.php(183): Illuminate\\Container\\Container->call(Array)
#29 D:\\wamp64\\www\\ProjetWeb2019\\bdecesibordeaux\\vendor\\symfony\\console\\Command\\Command.php(255): Illuminate\\Console\\Command->execute(Object(Symfony\\Component\\Console\\Input\\ArgvInput), Object(Illuminate\\Console\\OutputStyle))
#30 D:\\wamp64\\www\\ProjetWeb2019\\bdecesibordeaux\\vendor\\laravel\\framework\\src\\Illuminate\\Console\\Command.php(170): Symfony\\Component\\Console\\Command\\Command->run(Object(Symfony\\Component\\Console\\Input\\ArgvInput), Object(Illuminate\\Console\\OutputStyle))
#31 D:\\wamp64\\www\\ProjetWeb2019\\bdecesibordeaux\\vendor\\symfony\\console\\Application.php(901): Illuminate\\Console\\Command->run(Object(Symfony\\Component\\Console\\Input\\ArgvInput), Object(Symfony\\Component\\Console\\Output\\ConsoleOutput))
#32 D:\\wamp64\\www\\ProjetWeb2019\\bdecesibordeaux\\vendor\\symfony\\console\\Application.php(262): Symfony\\Component\\Console\\Application->doRunCommand(Object(Illuminate\\Database\\Console\\Migrations\\RefreshCommand), Object(Symfony\\Component\\Console\\Input\\ArgvInput), Object(Symfony\\Component\\Console\\Output\\ConsoleOutput))
#33 D:\\wamp64\\www\\ProjetWeb2019\\bdecesibordeaux\\vendor\\symfony\\console\\Application.php(145): Symfony\\Component\\Console\\Application->doRun(Object(Symfony\\Component\\Console\\Input\\ArgvInput), Object(Symfony\\Component\\Console\\Output\\ConsoleOutput))
#34 D:\\wamp64\\www\\ProjetWeb2019\\bdecesibordeaux\\vendor\\laravel\\framework\\src\\Illuminate\\Console\\Application.php(89): Symfony\\Component\\Console\\Application->run(Object(Symfony\\Component\\Console\\Input\\ArgvInput), Object(Symfony\\Component\\Console\\Output\\ConsoleOutput))
#35 D:\\wamp64\\www\\ProjetWeb2019\\bdecesibordeaux\\vendor\\laravel\\framework\\src\\Illuminate\\Foundation\\Console\\Kernel.php(122): Illuminate\\Console\\Application->run(Object(Symfony\\Component\\Console\\Input\\ArgvInput), Object(Symfony\\Component\\Console\\Output\\ConsoleOutput))
#36 D:\\wamp64\\www\\ProjetWeb2019\\bdecesibordeaux\\artisan(37): Illuminate\\Foundation\\Console\\Kernel->handle(Object(Symfony\\Component\\Console\\Input\\ArgvInput), Object(Symfony\\Component\\Console\\Output\\ConsoleOutput))
#37 {main}
"} 
[2019-01-22 17:22:12] local.ERROR: SQLSTATE[HY000]: General error: 1215 Impossible d'ajouter des contraintes d'index externe (SQL: alter table `Product` add constraint `fk_Product_ProductType1_idx` foreign key (`ProductType_ID`) references `ProductType` (`ID`) on delete no action on update no action) {"exception":"[object] (Illuminate\\Database\\QueryException(code: HY000): SQLSTATE[HY000]: General error: 1215 Impossible d'ajouter des contraintes d'index externe (SQL: alter table `Product` add constraint `fk_Product_ProductType1_idx` foreign key (`ProductType_ID`) references `ProductType` (`ID`) on delete no action on update no action) at D:\\wamp64\\www\\ProjetWeb2019\\bdecesibordeaux\\vendor\\laravel\\framework\\src\\Illuminate\\Database\\Connection.php:664, PDOException(code: HY000): SQLSTATE[HY000]: General error: 1215 Impossible d'ajouter des contraintes d'index externe at D:\\wamp64\\www\\ProjetWeb2019\\bdecesibordeaux\\vendor\\laravel\\framework\\src\\Illuminate\\Database\\Connection.php:458)
[stacktrace]
#0 D:\\wamp64\\www\\ProjetWeb2019\\bdecesibordeaux\\vendor\\laravel\\framework\\src\\Illuminate\\Database\\Connection.php(624): Illuminate\\Database\\Connection->runQueryCallback('alter table `Pr...', Array, Object(Closure))
#1 D:\\wamp64\\www\\ProjetWeb2019\\bdecesibordeaux\\vendor\\laravel\\framework\\src\\Illuminate\\Database\\Connection.php(459): Illuminate\\Database\\Connection->run('alter table `Pr...', Array, Object(Closure))
#2 D:\\wamp64\\www\\ProjetWeb2019\\bdecesibordeaux\\vendor\\laravel\\framework\\src\\Illuminate\\Database\\Schema\\Blueprint.php(97): Illuminate\\Database\\Connection->statement('alter table `Pr...')
#3 D:\\wamp64\\www\\ProjetWeb2019\\bdecesibordeaux\\vendor\\laravel\\framework\\src\\Illuminate\\Database\\Schema\\Builder.php(264): Illuminate\\Database\\Schema\\Blueprint->build(Object(Illuminate\\Database\\MySqlConnection), Object(Illuminate\\Database\\Schema\\Grammars\\MySqlGrammar))
#4 D:\\wamp64\\www\\ProjetWeb2019\\bdecesibordeaux\\vendor\\laravel\\framework\\src\\Illuminate\\Database\\Schema\\Builder.php(165): Illuminate\\Database\\Schema\\Builder->build(Object(Illuminate\\Database\\Schema\\Blueprint))
#5 D:\\wamp64\\www\\ProjetWeb2019\\bdecesibordeaux\\vendor\\laravel\\framework\\src\\Illuminate\\Support\\Facades\\Facade.php(237): Illuminate\\Database\\Schema\\Builder->create('Product', Object(Closure))
#6 D:\\wamp64\\www\\ProjetWeb2019\\bdecesibordeaux\\database\\migrations\\2019_01_22_135359_create_product_table.php(39): Illuminate\\Support\\Facades\\Facade::__callStatic('create', Array)
#7 D:\\wamp64\\www\\ProjetWeb2019\\bdecesibordeaux\\vendor\\laravel\\framework\\src\\Illuminate\\Database\\Migrations\\Migrator.php(360): CreateProductTable->up()
#8 D:\\wamp64\\www\\ProjetWeb2019\\bdecesibordeaux\\vendor\\laravel\\framework\\src\\Illuminate\\Database\\Migrations\\Migrator.php(367): Illuminate\\Database\\Migrations\\Migrator->Illuminate\\Database\\Migrations\\{closure}()
#9 D:\\wamp64\\www\\ProjetWeb2019\\bdecesibordeaux\\vendor\\laravel\\framework\\src\\Illuminate\\Database\\Migrations\\Migrator.php(178): Illuminate\\Database\\Migrations\\Migrator->runMigration(Object(CreateProductTable), 'up')
#10 D:\\wamp64\\www\\ProjetWeb2019\\bdecesibordeaux\\vendor\\laravel\\framework\\src\\Illuminate\\Database\\Migrations\\Migrator.php(147): Illuminate\\Database\\Migrations\\Migrator->runUp('D:\\\\wamp64\\\\www\\\\P...', 2, false)
#11 D:\\wamp64\\www\\ProjetWeb2019\\bdecesibordeaux\\vendor\\laravel\\framework\\src\\Illuminate\\Database\\Migrations\\Migrator.php(96): Illuminate\\Database\\Migrations\\Migrator->runPending(Array, Array)
#12 D:\\wamp64\\www\\ProjetWeb2019\\bdecesibordeaux\\vendor\\laravel\\framework\\src\\Illuminate\\Database\\Console\\Migrations\\MigrateCommand.php(71): Illuminate\\Database\\Migrations\\Migrator->run(Array, Array)
#13 [internal function]: Illuminate\\Database\\Console\\Migrations\\MigrateCommand->handle()
#14 D:\\wamp64\\www\\ProjetWeb2019\\bdecesibordeaux\\vendor\\laravel\\framework\\src\\Illuminate\\Container\\BoundMethod.php(29): call_user_func_array(Array, Array)
#15 D:\\wamp64\\www\\ProjetWeb2019\\bdecesibordeaux\\vendor\\laravel\\framework\\src\\Illuminate\\Container\\BoundMethod.php(87): Illuminate\\Container\\BoundMethod::Illuminate\\Container\\{closure}()
#16 D:\\wamp64\\www\\ProjetWeb2019\\bdecesibordeaux\\vendor\\laravel\\framework\\src\\Illuminate\\Container\\BoundMethod.php(31): Illuminate\\Container\\BoundMethod::callBoundMethod(Object(Illuminate\\Foundation\\Application), Array, Object(Closure))
#17 D:\\wamp64\\www\\ProjetWeb2019\\bdecesibordeaux\\vendor\\laravel\\framework\\src\\Illuminate\\Container\\Container.php(572): Illuminate\\Container\\BoundMethod::call(Object(Illuminate\\Foundation\\Application), Array, Array, NULL)
#18 D:\\wamp64\\www\\ProjetWeb2019\\bdecesibordeaux\\vendor\\laravel\\framework\\src\\Illuminate\\Console\\Command.php(183): Illuminate\\Container\\Container->call(Array)
#19 D:\\wamp64\\www\\ProjetWeb2019\\bdecesibordeaux\\vendor\\symfony\\console\\Command\\Command.php(255): Illuminate\\Console\\Command->execute(Object(Symfony\\Component\\Console\\Input\\ArgvInput), Object(Illuminate\\Console\\OutputStyle))
#20 D:\\wamp64\\www\\ProjetWeb2019\\bdecesibordeaux\\vendor\\laravel\\framework\\src\\Illuminate\\Console\\Command.php(170): Symfony\\Component\\Console\\Command\\Command->run(Object(Symfony\\Component\\Console\\Input\\ArgvInput), Object(Illuminate\\Console\\OutputStyle))
#21 D:\\wamp64\\www\\ProjetWeb2019\\bdecesibordeaux\\vendor\\symfony\\console\\Application.php(901): Illuminate\\Console\\Command->run(Object(Symfony\\Component\\Console\\Input\\ArgvInput), Object(Symfony\\Component\\Console\\Output\\ConsoleOutput))
#22 D:\\wamp64\\www\\ProjetWeb2019\\bdecesibordeaux\\vendor\\symfony\\console\\Application.php(262): Symfony\\Component\\Console\\Application->doRunCommand(Object(Illuminate\\Database\\Console\\Migrations\\MigrateCommand), Object(Symfony\\Component\\Console\\Input\\ArgvInput), Object(Symfony\\Component\\Console\\Output\\ConsoleOutput))
#23 D:\\wamp64\\www\\ProjetWeb2019\\bdecesibordeaux\\vendor\\symfony\\console\\Application.php(145): Symfony\\Component\\Console\\Application->doRun(Object(Symfony\\Component\\Console\\Input\\ArgvInput), Object(Symfony\\Component\\Console\\Output\\ConsoleOutput))
#24 D:\\wamp64\\www\\ProjetWeb2019\\bdecesibordeaux\\vendor\\laravel\\framework\\src\\Illuminate\\Console\\Application.php(89): Symfony\\Component\\Console\\Application->run(Object(Symfony\\Component\\Console\\Input\\ArgvInput), Object(Symfony\\Component\\Console\\Output\\ConsoleOutput))
#25 D:\\wamp64\\www\\ProjetWeb2019\\bdecesibordeaux\\vendor\\laravel\\framework\\src\\Illuminate\\Foundation\\Console\\Kernel.php(122): Illuminate\\Console\\Application->run(Object(Symfony\\Component\\Console\\Input\\ArgvInput), Object(Symfony\\Component\\Console\\Output\\ConsoleOutput))
#26 D:\\wamp64\\www\\ProjetWeb2019\\bdecesibordeaux\\artisan(37): Illuminate\\Foundation\\Console\\Kernel->handle(Object(Symfony\\Component\\Console\\Input\\ArgvInput), Object(Symfony\\Component\\Console\\Output\\ConsoleOutput))
#27 {main}
"} 
[2019-01-22 17:23:07] local.ERROR: SQLSTATE[HY000]: General error: 1215 Impossible d'ajouter des contraintes d'index externe (SQL: alter table `User` add constraint `fk_User_UserStatus1_idx` foreign key (`UserStatus_ID`) references `UserStatus` (`ID`) on delete no action on update no action) {"exception":"[object] (Illuminate\\Database\\QueryException(code: HY000): SQLSTATE[HY000]: General error: 1215 Impossible d'ajouter des contraintes d'index externe (SQL: alter table `User` add constraint `fk_User_UserStatus1_idx` foreign key (`UserStatus_ID`) references `UserStatus` (`ID`) on delete no action on update no action) at D:\\wamp64\\www\\ProjetWeb2019\\bdecesibordeaux\\vendor\\laravel\\framework\\src\\Illuminate\\Database\\Connection.php:664, PDOException(code: HY000): SQLSTATE[HY000]: General error: 1215 Impossible d'ajouter des contraintes d'index externe at D:\\wamp64\\www\\ProjetWeb2019\\bdecesibordeaux\\vendor\\laravel\\framework\\src\\Illuminate\\Database\\Connection.php:458)
[stacktrace]
#0 D:\\wamp64\\www\\ProjetWeb2019\\bdecesibordeaux\\vendor\\laravel\\framework\\src\\Illuminate\\Database\\Connection.php(624): Illuminate\\Database\\Connection->runQueryCallback('alter table `Us...', Array, Object(Closure))
#1 D:\\wamp64\\www\\ProjetWeb2019\\bdecesibordeaux\\vendor\\laravel\\framework\\src\\Illuminate\\Database\\Connection.php(459): Illuminate\\Database\\Connection->run('alter table `Us...', Array, Object(Closure))
#2 D:\\wamp64\\www\\ProjetWeb2019\\bdecesibordeaux\\vendor\\laravel\\framework\\src\\Illuminate\\Database\\Schema\\Blueprint.php(97): Illuminate\\Database\\Connection->statement('alter table `Us...')
#3 D:\\wamp64\\www\\ProjetWeb2019\\bdecesibordeaux\\vendor\\laravel\\framework\\src\\Illuminate\\Database\\Schema\\Builder.php(264): Illuminate\\Database\\Schema\\Blueprint->build(Object(Illuminate\\Database\\MySqlConnection), Object(Illuminate\\Database\\Schema\\Grammars\\MySqlGrammar))
#4 D:\\wamp64\\www\\ProjetWeb2019\\bdecesibordeaux\\vendor\\laravel\\framework\\src\\Illuminate\\Database\\Schema\\Builder.php(165): Illuminate\\Database\\Schema\\Builder->build(Object(Illuminate\\Database\\Schema\\Blueprint))
#5 D:\\wamp64\\www\\ProjetWeb2019\\bdecesibordeaux\\vendor\\laravel\\framework\\src\\Illuminate\\Support\\Facades\\Facade.php(237): Illuminate\\Database\\Schema\\Builder->create('User', Object(Closure))
#6 D:\\wamp64\\www\\ProjetWeb2019\\bdecesibordeaux\\database\\migrations\\2019_01_22_134407_create_user_table.php(40): Illuminate\\Support\\Facades\\Facade::__callStatic('create', Array)
#7 D:\\wamp64\\www\\ProjetWeb2019\\bdecesibordeaux\\vendor\\laravel\\framework\\src\\Illuminate\\Database\\Migrations\\Migrator.php(360): CreateUserTable->up()
#8 D:\\wamp64\\www\\ProjetWeb2019\\bdecesibordeaux\\vendor\\laravel\\framework\\src\\Illuminate\\Database\\Migrations\\Migrator.php(367): Illuminate\\Database\\Migrations\\Migrator->Illuminate\\Database\\Migrations\\{closure}()
#9 D:\\wamp64\\www\\ProjetWeb2019\\bdecesibordeaux\\vendor\\laravel\\framework\\src\\Illuminate\\Database\\Migrations\\Migrator.php(178): Illuminate\\Database\\Migrations\\Migrator->runMigration(Object(CreateUserTable), 'up')
#10 D:\\wamp64\\www\\ProjetWeb2019\\bdecesibordeaux\\vendor\\laravel\\framework\\src\\Illuminate\\Database\\Migrations\\Migrator.php(147): Illuminate\\Database\\Migrations\\Migrator->runUp('D:\\\\wamp64\\\\www\\\\P...', 1, false)
#11 D:\\wamp64\\www\\ProjetWeb2019\\bdecesibordeaux\\vendor\\laravel\\framework\\src\\Illuminate\\Database\\Migrations\\Migrator.php(96): Illuminate\\Database\\Migrations\\Migrator->runPending(Array, Array)
#12 D:\\wamp64\\www\\ProjetWeb2019\\bdecesibordeaux\\vendor\\laravel\\framework\\src\\Illuminate\\Database\\Console\\Migrations\\MigrateCommand.php(71): Illuminate\\Database\\Migrations\\Migrator->run(Array, Array)
#13 [internal function]: Illuminate\\Database\\Console\\Migrations\\MigrateCommand->handle()
#14 D:\\wamp64\\www\\ProjetWeb2019\\bdecesibordeaux\\vendor\\laravel\\framework\\src\\Illuminate\\Container\\BoundMethod.php(29): call_user_func_array(Array, Array)
#15 D:\\wamp64\\www\\ProjetWeb2019\\bdecesibordeaux\\vendor\\laravel\\framework\\src\\Illuminate\\Container\\BoundMethod.php(87): Illuminate\\Container\\BoundMethod::Illuminate\\Container\\{closure}()
#16 D:\\wamp64\\www\\ProjetWeb2019\\bdecesibordeaux\\vendor\\laravel\\framework\\src\\Illuminate\\Container\\BoundMethod.php(31): Illuminate\\Container\\BoundMethod::callBoundMethod(Object(Illuminate\\Foundation\\Application), Array, Object(Closure))
#17 D:\\wamp64\\www\\ProjetWeb2019\\bdecesibordeaux\\vendor\\laravel\\framework\\src\\Illuminate\\Container\\Container.php(572): Illuminate\\Container\\BoundMethod::call(Object(Illuminate\\Foundation\\Application), Array, Array, NULL)
#18 D:\\wamp64\\www\\ProjetWeb2019\\bdecesibordeaux\\vendor\\laravel\\framework\\src\\Illuminate\\Console\\Command.php(183): Illuminate\\Container\\Container->call(Array)
#19 D:\\wamp64\\www\\ProjetWeb2019\\bdecesibordeaux\\vendor\\symfony\\console\\Command\\Command.php(255): Illuminate\\Console\\Command->execute(Object(Symfony\\Component\\Console\\Input\\ArrayInput), Object(Illuminate\\Console\\OutputStyle))
#20 D:\\wamp64\\www\\ProjetWeb2019\\bdecesibordeaux\\vendor\\laravel\\framework\\src\\Illuminate\\Console\\Command.php(170): Symfony\\Component\\Console\\Command\\Command->run(Object(Symfony\\Component\\Console\\Input\\ArrayInput), Object(Illuminate\\Console\\OutputStyle))
#21 D:\\wamp64\\www\\ProjetWeb2019\\bdecesibordeaux\\vendor\\laravel\\framework\\src\\Illuminate\\Console\\Command.php(198): Illuminate\\Console\\Command->run(Object(Symfony\\Component\\Console\\Input\\ArrayInput), Object(Illuminate\\Console\\OutputStyle))
#22 D:\\wamp64\\www\\ProjetWeb2019\\bdecesibordeaux\\vendor\\laravel\\framework\\src\\Illuminate\\Database\\Console\\Migrations\\RefreshCommand.php(60): Illuminate\\Console\\Command->call('migrate', Array)
#23 [internal function]: Illuminate\\Database\\Console\\Migrations\\RefreshCommand->handle()
#24 D:\\wamp64\\www\\ProjetWeb2019\\bdecesibordeaux\\vendor\\laravel\\framework\\src\\Illuminate\\Container\\BoundMethod.php(29): call_user_func_array(Array, Array)
#25 D:\\wamp64\\www\\ProjetWeb2019\\bdecesibordeaux\\vendor\\laravel\\framework\\src\\Illuminate\\Container\\BoundMethod.php(87): Illuminate\\Container\\BoundMethod::Illuminate\\Container\\{closure}()
#26 D:\\wamp64\\www\\ProjetWeb2019\\bdecesibordeaux\\vendor\\laravel\\framework\\src\\Illuminate\\Container\\BoundMethod.php(31): Illuminate\\Container\\BoundMethod::callBoundMethod(Object(Illuminate\\Foundation\\Application), Array, Object(Closure))
#27 D:\\wamp64\\www\\ProjetWeb2019\\bdecesibordeaux\\vendor\\laravel\\framework\\src\\Illuminate\\Container\\Container.php(572): Illuminate\\Container\\BoundMethod::call(Object(Illuminate\\Foundation\\Application), Array, Array, NULL)
#28 D:\\wamp64\\www\\ProjetWeb2019\\bdecesibordeaux\\vendor\\laravel\\framework\\src\\Illuminate\\Console\\Command.php(183): Illuminate\\Container\\Container->call(Array)
#29 D:\\wamp64\\www\\ProjetWeb2019\\bdecesibordeaux\\vendor\\symfony\\console\\Command\\Command.php(255): Illuminate\\Console\\Command->execute(Object(Symfony\\Component\\Console\\Input\\ArgvInput), Object(Illuminate\\Console\\OutputStyle))
#30 D:\\wamp64\\www\\ProjetWeb2019\\bdecesibordeaux\\vendor\\laravel\\framework\\src\\Illuminate\\Console\\Command.php(170): Symfony\\Component\\Console\\Command\\Command->run(Object(Symfony\\Component\\Console\\Input\\ArgvInput), Object(Illuminate\\Console\\OutputStyle))
#31 D:\\wamp64\\www\\ProjetWeb2019\\bdecesibordeaux\\vendor\\symfony\\console\\Application.php(901): Illuminate\\Console\\Command->run(Object(Symfony\\Component\\Console\\Input\\ArgvInput), Object(Symfony\\Component\\Console\\Output\\ConsoleOutput))
#32 D:\\wamp64\\www\\ProjetWeb2019\\bdecesibordeaux\\vendor\\symfony\\console\\Application.php(262): Symfony\\Component\\Console\\Application->doRunCommand(Object(Illuminate\\Database\\Console\\Migrations\\RefreshCommand), Object(Symfony\\Component\\Console\\Input\\ArgvInput), Object(Symfony\\Component\\Console\\Output\\ConsoleOutput))
#33 D:\\wamp64\\www\\ProjetWeb2019\\bdecesibordeaux\\vendor\\symfony\\console\\Application.php(145): Symfony\\Component\\Console\\Application->doRun(Object(Symfony\\Component\\Console\\Input\\ArgvInput), Object(Symfony\\Component\\Console\\Output\\ConsoleOutput))
#34 D:\\wamp64\\www\\ProjetWeb2019\\bdecesibordeaux\\vendor\\laravel\\framework\\src\\Illuminate\\Console\\Application.php(89): Symfony\\Component\\Console\\Application->run(Object(Symfony\\Component\\Console\\Input\\ArgvInput), Object(Symfony\\Component\\Console\\Output\\ConsoleOutput))
#35 D:\\wamp64\\www\\ProjetWeb2019\\bdecesibordeaux\\vendor\\laravel\\framework\\src\\Illuminate\\Foundation\\Console\\Kernel.php(122): Illuminate\\Console\\Application->run(Object(Symfony\\Component\\Console\\Input\\ArgvInput), Object(Symfony\\Component\\Console\\Output\\ConsoleOutput))
#36 D:\\wamp64\\www\\ProjetWeb2019\\bdecesibordeaux\\artisan(37): Illuminate\\Foundation\\Console\\Kernel->handle(Object(Symfony\\Component\\Console\\Input\\ArgvInput), Object(Symfony\\Component\\Console\\Output\\ConsoleOutput))
#37 {main}
"} 
[2019-01-22 17:23:21] local.ERROR: SQLSTATE[HY000]: General error: 1215 Impossible d'ajouter des contraintes d'index externe (SQL: alter table `Basket` add constraint `fk_Basket_Product1_idx` foreign key (`Product_ID`) references `Product` (`ID`) on delete no action on update no action) {"exception":"[object] (Illuminate\\Database\\QueryException(code: HY000): SQLSTATE[HY000]: General error: 1215 Impossible d'ajouter des contraintes d'index externe (SQL: alter table `Basket` add constraint `fk_Basket_Product1_idx` foreign key (`Product_ID`) references `Product` (`ID`) on delete no action on update no action) at D:\\wamp64\\www\\ProjetWeb2019\\bdecesibordeaux\\vendor\\laravel\\framework\\src\\Illuminate\\Database\\Connection.php:664, PDOException(code: HY000): SQLSTATE[HY000]: General error: 1215 Impossible d'ajouter des contraintes d'index externe at D:\\wamp64\\www\\ProjetWeb2019\\bdecesibordeaux\\vendor\\laravel\\framework\\src\\Illuminate\\Database\\Connection.php:458)
[stacktrace]
#0 D:\\wamp64\\www\\ProjetWeb2019\\bdecesibordeaux\\vendor\\laravel\\framework\\src\\Illuminate\\Database\\Connection.php(624): Illuminate\\Database\\Connection->runQueryCallback('alter table `Ba...', Array, Object(Closure))
#1 D:\\wamp64\\www\\ProjetWeb2019\\bdecesibordeaux\\vendor\\laravel\\framework\\src\\Illuminate\\Database\\Connection.php(459): Illuminate\\Database\\Connection->run('alter table `Ba...', Array, Object(Closure))
#2 D:\\wamp64\\www\\ProjetWeb2019\\bdecesibordeaux\\vendor\\laravel\\framework\\src\\Illuminate\\Database\\Schema\\Blueprint.php(97): Illuminate\\Database\\Connection->statement('alter table `Ba...')
#3 D:\\wamp64\\www\\ProjetWeb2019\\bdecesibordeaux\\vendor\\laravel\\framework\\src\\Illuminate\\Database\\Schema\\Builder.php(264): Illuminate\\Database\\Schema\\Blueprint->build(Object(Illuminate\\Database\\MySqlConnection), Object(Illuminate\\Database\\Schema\\Grammars\\MySqlGrammar))
#4 D:\\wamp64\\www\\ProjetWeb2019\\bdecesibordeaux\\vendor\\laravel\\framework\\src\\Illuminate\\Database\\Schema\\Builder.php(165): Illuminate\\Database\\Schema\\Builder->build(Object(Illuminate\\Database\\Schema\\Blueprint))
#5 D:\\wamp64\\www\\ProjetWeb2019\\bdecesibordeaux\\vendor\\laravel\\framework\\src\\Illuminate\\Support\\Facades\\Facade.php(237): Illuminate\\Database\\Schema\\Builder->create('Basket', Object(Closure))
#6 D:\\wamp64\\www\\ProjetWeb2019\\bdecesibordeaux\\database\\migrations\\2019_01_22_135346_create_basket_table.php(44): Illuminate\\Support\\Facades\\Facade::__callStatic('create', Array)
#7 D:\\wamp64\\www\\ProjetWeb2019\\bdecesibordeaux\\vendor\\laravel\\framework\\src\\Illuminate\\Database\\Migrations\\Migrator.php(360): CreateBasketTable->up()
#8 D:\\wamp64\\www\\ProjetWeb2019\\bdecesibordeaux\\vendor\\laravel\\framework\\src\\Illuminate\\Database\\Migrations\\Migrator.php(367): Illuminate\\Database\\Migrations\\Migrator->Illuminate\\Database\\Migrations\\{closure}()
#9 D:\\wamp64\\www\\ProjetWeb2019\\bdecesibordeaux\\vendor\\laravel\\framework\\src\\Illuminate\\Database\\Migrations\\Migrator.php(178): Illuminate\\Database\\Migrations\\Migrator->runMigration(Object(CreateBasketTable), 'up')
#10 D:\\wamp64\\www\\ProjetWeb2019\\bdecesibordeaux\\vendor\\laravel\\framework\\src\\Illuminate\\Database\\Migrations\\Migrator.php(147): Illuminate\\Database\\Migrations\\Migrator->runUp('D:\\\\wamp64\\\\www\\\\P...', 1, false)
#11 D:\\wamp64\\www\\ProjetWeb2019\\bdecesibordeaux\\vendor\\laravel\\framework\\src\\Illuminate\\Database\\Migrations\\Migrator.php(96): Illuminate\\Database\\Migrations\\Migrator->runPending(Array, Array)
#12 D:\\wamp64\\www\\ProjetWeb2019\\bdecesibordeaux\\vendor\\laravel\\framework\\src\\Illuminate\\Database\\Console\\Migrations\\MigrateCommand.php(71): Illuminate\\Database\\Migrations\\Migrator->run(Array, Array)
#13 [internal function]: Illuminate\\Database\\Console\\Migrations\\MigrateCommand->handle()
#14 D:\\wamp64\\www\\ProjetWeb2019\\bdecesibordeaux\\vendor\\laravel\\framework\\src\\Illuminate\\Container\\BoundMethod.php(29): call_user_func_array(Array, Array)
#15 D:\\wamp64\\www\\ProjetWeb2019\\bdecesibordeaux\\vendor\\laravel\\framework\\src\\Illuminate\\Container\\BoundMethod.php(87): Illuminate\\Container\\BoundMethod::Illuminate\\Container\\{closure}()
#16 D:\\wamp64\\www\\ProjetWeb2019\\bdecesibordeaux\\vendor\\laravel\\framework\\src\\Illuminate\\Container\\BoundMethod.php(31): Illuminate\\Container\\BoundMethod::callBoundMethod(Object(Illuminate\\Foundation\\Application), Array, Object(Closure))
#17 D:\\wamp64\\www\\ProjetWeb2019\\bdecesibordeaux\\vendor\\laravel\\framework\\src\\Illuminate\\Container\\Container.php(572): Illuminate\\Container\\BoundMethod::call(Object(Illuminate\\Foundation\\Application), Array, Array, NULL)
#18 D:\\wamp64\\www\\ProjetWeb2019\\bdecesibordeaux\\vendor\\laravel\\framework\\src\\Illuminate\\Console\\Command.php(183): Illuminate\\Container\\Container->call(Array)
#19 D:\\wamp64\\www\\ProjetWeb2019\\bdecesibordeaux\\vendor\\symfony\\console\\Command\\Command.php(255): Illuminate\\Console\\Command->execute(Object(Symfony\\Component\\Console\\Input\\ArgvInput), Object(Illuminate\\Console\\OutputStyle))
#20 D:\\wamp64\\www\\ProjetWeb2019\\bdecesibordeaux\\vendor\\laravel\\framework\\src\\Illuminate\\Console\\Command.php(170): Symfony\\Component\\Console\\Command\\Command->run(Object(Symfony\\Component\\Console\\Input\\ArgvInput), Object(Illuminate\\Console\\OutputStyle))
#21 D:\\wamp64\\www\\ProjetWeb2019\\bdecesibordeaux\\vendor\\symfony\\console\\Application.php(901): Illuminate\\Console\\Command->run(Object(Symfony\\Component\\Console\\Input\\ArgvInput), Object(Symfony\\Component\\Console\\Output\\ConsoleOutput))
#22 D:\\wamp64\\www\\ProjetWeb2019\\bdecesibordeaux\\vendor\\symfony\\console\\Application.php(262): Symfony\\Component\\Console\\Application->doRunCommand(Object(Illuminate\\Database\\Console\\Migrations\\MigrateCommand), Object(Symfony\\Component\\Console\\Input\\ArgvInput), Object(Symfony\\Component\\Console\\Output\\ConsoleOutput))
#23 D:\\wamp64\\www\\ProjetWeb2019\\bdecesibordeaux\\vendor\\symfony\\console\\Application.php(145): Symfony\\Component\\Console\\Application->doRun(Object(Symfony\\Component\\Console\\Input\\ArgvInput), Object(Symfony\\Component\\Console\\Output\\ConsoleOutput))
#24 D:\\wamp64\\www\\ProjetWeb2019\\bdecesibordeaux\\vendor\\laravel\\framework\\src\\Illuminate\\Console\\Application.php(89): Symfony\\Component\\Console\\Application->run(Object(Symfony\\Component\\Console\\Input\\ArgvInput), Object(Symfony\\Component\\Console\\Output\\ConsoleOutput))
#25 D:\\wamp64\\www\\ProjetWeb2019\\bdecesibordeaux\\vendor\\laravel\\framework\\src\\Illuminate\\Foundation\\Console\\Kernel.php(122): Illuminate\\Console\\Application->run(Object(Symfony\\Component\\Console\\Input\\ArgvInput), Object(Symfony\\Component\\Console\\Output\\ConsoleOutput))
#26 D:\\wamp64\\www\\ProjetWeb2019\\bdecesibordeaux\\artisan(37): Illuminate\\Foundation\\Console\\Kernel->handle(Object(Symfony\\Component\\Console\\Input\\ArgvInput), Object(Symfony\\Component\\Console\\Output\\ConsoleOutput))
#27 {main}
"} 
[2019-01-22 17:23:30] local.ERROR: The "--h" option does not exist. {"exception":"[object] (Symfony\\Component\\Console\\Exception\\RuntimeException(code: 0): The \"--h\" option does not exist. at D:\\wamp64\\www\\ProjetWeb2019\\bdecesibordeaux\\vendor\\symfony\\console\\Input\\ArgvInput.php:218)
[stacktrace]
#0 D:\\wamp64\\www\\ProjetWeb2019\\bdecesibordeaux\\vendor\\symfony\\console\\Input\\ArgvInput.php(154): Symfony\\Component\\Console\\Input\\ArgvInput->addLongOption('h', NULL)
#1 D:\\wamp64\\www\\ProjetWeb2019\\bdecesibordeaux\\vendor\\symfony\\console\\Input\\ArgvInput.php(82): Symfony\\Component\\Console\\Input\\ArgvInput->parseLongOption('--h')
#2 D:\\wamp64\\www\\ProjetWeb2019\\bdecesibordeaux\\vendor\\symfony\\console\\Input\\Input.php(55): Symfony\\Component\\Console\\Input\\ArgvInput->parse()
#3 D:\\wamp64\\www\\ProjetWeb2019\\bdecesibordeaux\\vendor\\symfony\\console\\Command\\Command.php(214): Symfony\\Component\\Console\\Input\\Input->bind(Object(Symfony\\Component\\Console\\Input\\InputDefinition))
#4 D:\\wamp64\\www\\ProjetWeb2019\\bdecesibordeaux\\vendor\\laravel\\framework\\src\\Illuminate\\Console\\Command.php(170): Symfony\\Component\\Console\\Command\\Command->run(Object(Symfony\\Component\\Console\\Input\\ArgvInput), Object(Illuminate\\Console\\OutputStyle))
#5 D:\\wamp64\\www\\ProjetWeb2019\\bdecesibordeaux\\vendor\\symfony\\console\\Application.php(901): Illuminate\\Console\\Command->run(Object(Symfony\\Component\\Console\\Input\\ArgvInput), Object(Symfony\\Component\\Console\\Output\\ConsoleOutput))
#6 D:\\wamp64\\www\\ProjetWeb2019\\bdecesibordeaux\\vendor\\symfony\\console\\Application.php(262): Symfony\\Component\\Console\\Application->doRunCommand(Object(Illuminate\\Database\\Console\\Migrations\\MigrateCommand), Object(Symfony\\Component\\Console\\Input\\ArgvInput), Object(Symfony\\Component\\Console\\Output\\ConsoleOutput))
#7 D:\\wamp64\\www\\ProjetWeb2019\\bdecesibordeaux\\vendor\\symfony\\console\\Application.php(145): Symfony\\Component\\Console\\Application->doRun(Object(Symfony\\Component\\Console\\Input\\ArgvInput), Object(Symfony\\Component\\Console\\Output\\ConsoleOutput))
#8 D:\\wamp64\\www\\ProjetWeb2019\\bdecesibordeaux\\vendor\\laravel\\framework\\src\\Illuminate\\Console\\Application.php(89): Symfony\\Component\\Console\\Application->run(Object(Symfony\\Component\\Console\\Input\\ArgvInput), Object(Symfony\\Component\\Console\\Output\\ConsoleOutput))
#9 D:\\wamp64\\www\\ProjetWeb2019\\bdecesibordeaux\\vendor\\laravel\\framework\\src\\Illuminate\\Foundation\\Console\\Kernel.php(122): Illuminate\\Console\\Application->run(Object(Symfony\\Component\\Console\\Input\\ArgvInput), Object(Symfony\\Component\\Console\\Output\\ConsoleOutput))
#10 D:\\wamp64\\www\\ProjetWeb2019\\bdecesibordeaux\\artisan(37): Illuminate\\Foundation\\Console\\Kernel->handle(Object(Symfony\\Component\\Console\\Input\\ArgvInput), Object(Symfony\\Component\\Console\\Output\\ConsoleOutput))
#11 {main}
"} 
